<?xml version="1.0" encoding="UTF-8"?>
<testsuites>
  <testsuite name="Salesforce_E2E" timestamp="2021-02-13T00:33:52" time="33.286" tests="5" failures="0" errors="1" skipped="0">
    <properties>
      <property name="specId" value="0"/>
      <property name="suiteName" value="Salesforce E2E"/>
      <property name="capabilities" value="chrome.88_0_4324_150.windows"/>
      <property name="file" value=".\test\specs\TC3-ManageSubscriptionProducts.js"/>
    </properties>
    <testcase classname="chrome.88_0_4324_150.windows.Salesforce_E2E" name="should_login" time="1.922">
      <system-out>
        <![CDATA[
COMMAND: POST /session/2470cbd8ac088ccede0b0111893aec7b/url - {"url":"https://lisboa2-dev-ed.my.salesforce.com/secur/frontdoor.jsp?sid=00D09000007FkiR!AQEAQOG7c1gg2K_3QSh7BGWe.a6BwIGcsKTXY7jZ8LiD_trqapAhbCKUpRADrKC_pO1fBGtyr5PhdRMBFssSGvk6yZuMSiD."}
RESULT: {"url":"https://lisboa2-dev-ed.my.salesforce.com/secur/frontdoor.jsp?sid=00D09000007FkiR!AQEAQOG7c1gg2K_3QSh7BGWe.a6BwIGcsKTXY7jZ8LiD_trqapAhbCKUpRADrKC_pO1fBGtyr5PhdRMBFssSGvk6yZuMSiD."}
]]>
      </system-out>
    </testcase>
    <testcase classname="chrome.88_0_4324_150.windows.Salesforce_E2E" name="should_return_an_opportunity_with_line_items" time="6.778">
      <system-out>
        <![CDATA[
COMMAND: POST /session/2470cbd8ac088ccede0b0111893aec7b/url - {"url":"https://lisboa2-dev-ed.my.salesforce.com/lightning/r/Account/00109000009OsGFAA0/view"}
COMMAND: GET /session/2470cbd8ac088ccede0b0111893aec7b/url - {}
RESULT: {"url":"https://lisboa2-dev-ed.my.salesforce.com/lightning/r/Account/00109000009OsGFAA0/view"}
RESULT: {}
COMMAND: POST /session/2470cbd8ac088ccede0b0111893aec7b/url - {"url":"https://lisboa2-dev-ed.my.salesforce.com/lightning/r/OpportunityLineItem/00609000003QBcRAAW/related/OpportunityLineItems/view"}
RESULT: {"url":"https://lisboa2-dev-ed.my.salesforce.com/lightning/r/OpportunityLineItem/00609000003QBcRAAW/related/OpportunityLineItems/view"}
]]>
      </system-out>
    </testcase>
    <testcase classname="chrome.88_0_4324_150.windows.Salesforce_E2E" name="should_not_allow_change_quantity_of_service" time="8.188">
      <system-out>
        <![CDATA[
COMMAND: POST /session/2470cbd8ac088ccede0b0111893aec7b/element - {"using":"xpath","value":"//div[contains(text(),'Edit Products')]"}
RESULT: {"using":"xpath","value":"//div[contains(text(),'Edit Products')]"}
COMMAND: POST /session/2470cbd8ac088ccede0b0111893aec7b/elements - {"using":"xpath","value":"//div[contains(text(),'Edit Products')]"}
RESULT: {"using":"xpath","value":"//div[contains(text(),'Edit Products')]"}
COMMAND: POST /session/2470cbd8ac088ccede0b0111893aec7b/elements - {"using":"xpath","value":"//div[contains(text(),'Edit Products')]"}
RESULT: {"using":"xpath","value":"//div[contains(text(),'Edit Products')]"}
COMMAND: POST /session/2470cbd8ac088ccede0b0111893aec7b/element - {"using":"xpath","value":"//div[contains(text(),'Edit Products')]"}
RESULT: {"using":"xpath","value":"//div[contains(text(),'Edit Products')]"}
COMMAND: POST /session/2470cbd8ac088ccede0b0111893aec7b/element/c39f6b4e-7ff3-4142-9b6f-06967e345307/click - {}
RESULT: {}
COMMAND: POST /session/2470cbd8ac088ccede0b0111893aec7b/element - {"using":"xpath","value":"//tbody/tr[2]/td[2]/span[1]/span[2]/button[1]"}
RESULT: {"using":"xpath","value":"//tbody/tr[2]/td[2]/span[1]/span[2]/button[1]"}
COMMAND: POST /session/2470cbd8ac088ccede0b0111893aec7b/element/a6c7075a-9d98-43e5-b14c-63dd4c78aeda/click - {}
RESULT: {}
COMMAND: POST /session/2470cbd8ac088ccede0b0111893aec7b/actions - {"actions":[{"type":"key","id":"keyboard","actions":[{"type":"keyDown","value":""},{"type":"keyDown","value":"a"},{"type":"keyDown","value":""},{"type":"keyUp","value":""},{"type":"keyUp","value":"a"},{"type":"keyUp","value":""}]}]}
RESULT: {"actions":[{"type":"key","id":"keyboard","actions":[{"type":"keyDown","value":""},{"type":"keyDown","value":"a"},{"type":"keyDown","value":""},{"type":"keyUp","value":""},{"type":"keyUp","value":"a"},{"type":"keyUp","value":""}]}]}
COMMAND: DELETE /session/2470cbd8ac088ccede0b0111893aec7b/actions - {}
RESULT: {}
COMMAND: POST /session/2470cbd8ac088ccede0b0111893aec7b/actions - {"actions":[{"type":"key","id":"keyboard","actions":[{"type":"keyDown","value":""},{"type":"keyUp","value":""}]}]}
RESULT: {"actions":[{"type":"key","id":"keyboard","actions":[{"type":"keyDown","value":""},{"type":"keyUp","value":""}]}]}
COMMAND: DELETE /session/2470cbd8ac088ccede0b0111893aec7b/actions - {}
RESULT: {}
COMMAND: POST /session/2470cbd8ac088ccede0b0111893aec7b/actions - {"actions":[{"type":"key","id":"keyboard","actions":[{"type":"keyDown","value":""},{"type":"keyUp","value":""}]}]}
RESULT: {"actions":[{"type":"key","id":"keyboard","actions":[{"type":"keyDown","value":""},{"type":"keyUp","value":""}]}]}
COMMAND: DELETE /session/2470cbd8ac088ccede0b0111893aec7b/actions - {}
RESULT: {}
COMMAND: POST /session/2470cbd8ac088ccede0b0111893aec7b/element - {"using":"xpath","value":"//body/div[4]/div[2]/div[1]/div[2]/div[1]/div[3]/div[1]/button[2]/span[1]"}
RESULT: {"using":"xpath","value":"//body/div[4]/div[2]/div[1]/div[2]/div[1]/div[3]/div[1]/button[2]/span[1]"}
COMMAND: POST /session/2470cbd8ac088ccede0b0111893aec7b/element/6ad0b7b3-3ace-4efb-b55f-9429fb54965a/click - {}
RESULT: {}
COMMAND: POST /session/2470cbd8ac088ccede0b0111893aec7b/element - {"using":"xpath","value":"//span[contains(text(),\"Can't save records with errors.\")]"}
RESULT: {"using":"xpath","value":"//span[contains(text(),\"Can't save records with errors.\")]"}
COMMAND: POST /session/2470cbd8ac088ccede0b0111893aec7b/elements - {"using":"xpath","value":"//span[contains(text(),\"Can't save records with errors.\")]"}
RESULT: {"using":"xpath","value":"//span[contains(text(),\"Can't save records with errors.\")]"}
COMMAND: POST /session/2470cbd8ac088ccede0b0111893aec7b/element - {"using":"xpath","value":"//span[contains(text(),\"Can't save records with errors.\")]"}
RESULT: {"using":"xpath","value":"//span[contains(text(),\"Can't save records with errors.\")]"}
COMMAND: POST /session/2470cbd8ac088ccede0b0111893aec7b/elements - {"using":"xpath","value":"//span[contains(text(),\"Can't save records with errors.\")]"}
RESULT: {"using":"xpath","value":"//span[contains(text(),\"Can't save records with errors.\")]"}
COMMAND: POST /session/2470cbd8ac088ccede0b0111893aec7b/actions - {"actions":[{"type":"key","id":"keyboard","actions":[{"type":"keyDown","value":""},{"type":"keyUp","value":""}]}]}
RESULT: {"actions":[{"type":"key","id":"keyboard","actions":[{"type":"keyDown","value":""},{"type":"keyUp","value":""}]}]}
COMMAND: DELETE /session/2470cbd8ac088ccede0b0111893aec7b/actions - {}
RESULT: {}
COMMAND: POST /session/2470cbd8ac088ccede0b0111893aec7b/actions - {"actions":[{"type":"key","id":"keyboard","actions":[{"type":"keyDown","value":""},{"type":"keyUp","value":""}]}]}
RESULT: {"actions":[{"type":"key","id":"keyboard","actions":[{"type":"keyDown","value":""},{"type":"keyUp","value":""}]}]}
COMMAND: DELETE /session/2470cbd8ac088ccede0b0111893aec7b/actions - {}
RESULT: {}
COMMAND: POST /session/2470cbd8ac088ccede0b0111893aec7b/actions - {"actions":[{"type":"key","id":"keyboard","actions":[{"type":"keyDown","value":""},{"type":"keyUp","value":""}]}]}
RESULT: {"actions":[{"type":"key","id":"keyboard","actions":[{"type":"keyDown","value":""},{"type":"keyUp","value":""}]}]}
COMMAND: DELETE /session/2470cbd8ac088ccede0b0111893aec7b/actions - {}
RESULT: {}
]]>
      </system-out>
    </testcase>
    <testcase classname="chrome.88_0_4324_150.windows.Salesforce_E2E" name="should_update_quantity_of_service_accordingly" time="7.362">
      <error message="Service is not 10% of the truck price!: expected 29.999962500046873 to equal 10"/>
      <system-out>
        <![CDATA[
COMMAND: POST /session/2470cbd8ac088ccede0b0111893aec7b/element - {"using":"xpath","value":"//div[contains(text(),'Edit Products')]"}
RESULT: {"using":"xpath","value":"//div[contains(text(),'Edit Products')]"}
COMMAND: POST /session/2470cbd8ac088ccede0b0111893aec7b/element/c39f6b4e-7ff3-4142-9b6f-06967e345307/click - {}
RESULT: {}
COMMAND: POST /session/2470cbd8ac088ccede0b0111893aec7b/element - {"using":"xpath","value":"//tbody/tr[1]/td[2]/span[1]/span[2]/button[1]"}
RESULT: {"using":"xpath","value":"//tbody/tr[1]/td[2]/span[1]/span[2]/button[1]"}
COMMAND: POST /session/2470cbd8ac088ccede0b0111893aec7b/element/5a4cfaf7-1c0b-4936-a044-4089df24bd66/click - {}
RESULT: {}
COMMAND: POST /session/2470cbd8ac088ccede0b0111893aec7b/actions - {"actions":[{"type":"key","id":"keyboard","actions":[{"type":"keyDown","value":""},{"type":"keyDown","value":"a"},{"type":"keyDown","value":""},{"type":"keyUp","value":""},{"type":"keyUp","value":"a"},{"type":"keyUp","value":""}]}]}
RESULT: {"actions":[{"type":"key","id":"keyboard","actions":[{"type":"keyDown","value":""},{"type":"keyDown","value":"a"},{"type":"keyDown","value":""},{"type":"keyUp","value":""},{"type":"keyUp","value":"a"},{"type":"keyUp","value":""}]}]}
COMMAND: DELETE /session/2470cbd8ac088ccede0b0111893aec7b/actions - {}
RESULT: {}
COMMAND: POST /session/2470cbd8ac088ccede0b0111893aec7b/actions - {"actions":[{"type":"key","id":"keyboard","actions":[{"type":"keyDown","value":""},{"type":"keyUp","value":""}]}]}
RESULT: {"actions":[{"type":"key","id":"keyboard","actions":[{"type":"keyDown","value":""},{"type":"keyUp","value":""}]}]}
COMMAND: DELETE /session/2470cbd8ac088ccede0b0111893aec7b/actions - {}
RESULT: {}
COMMAND: POST /session/2470cbd8ac088ccede0b0111893aec7b/actions - {"actions":[{"type":"key","id":"keyboard","actions":[{"type":"keyDown","value":""},{"type":"keyUp","value":""}]}]}
RESULT: {"actions":[{"type":"key","id":"keyboard","actions":[{"type":"keyDown","value":""},{"type":"keyUp","value":""}]}]}
COMMAND: DELETE /session/2470cbd8ac088ccede0b0111893aec7b/actions - {}
RESULT: {}
COMMAND: POST /session/2470cbd8ac088ccede0b0111893aec7b/element - {"using":"xpath","value":"//body/div[4]/div[2]/div[1]/div[2]/div[1]/div[3]/div[1]/button[2]/span[1]"}
RESULT: {"using":"xpath","value":"//body/div[4]/div[2]/div[1]/div[2]/div[1]/div[3]/div[1]/button[2]/span[1]"}
COMMAND: POST /session/2470cbd8ac088ccede0b0111893aec7b/element/7b4e4069-5593-4f7f-90ac-d202247c27be/click - {}
RESULT: {}
COMMAND: POST /session/2470cbd8ac088ccede0b0111893aec7b/element - {"using":"xpath","value":"//tbody/tr[1]/td[2]"}
RESULT: {"using":"xpath","value":"//tbody/tr[1]/td[2]"}
COMMAND: GET /session/2470cbd8ac088ccede0b0111893aec7b/element/2830ee99-4c5a-4eed-9e3f-7beb73f73d65/property/value - {}
RESULT: {}
COMMAND: POST /session/2470cbd8ac088ccede0b0111893aec7b/element - {"using":"xpath","value":"//tbody/tr[2]/td[2]"}
RESULT: {"using":"xpath","value":"//tbody/tr[2]/td[2]"}
COMMAND: GET /session/2470cbd8ac088ccede0b0111893aec7b/element/241f7511-be6d-44f5-b7cc-21d16822ddfc/property/value - {}
RESULT: {}
COMMAND: POST /session/2470cbd8ac088ccede0b0111893aec7b/element - {"using":"xpath","value":"//tbody/tr[1]/td[3]"}
RESULT: {"using":"xpath","value":"//tbody/tr[1]/td[3]"}
COMMAND: GET /session/2470cbd8ac088ccede0b0111893aec7b/element/68e07f62-ef8e-4f07-8a2a-819a91ca9409/text - {}
RESULT: {}
COMMAND: POST /session/2470cbd8ac088ccede0b0111893aec7b/element - {"using":"xpath","value":"//tbody/tr[2]/td[3]"}
RESULT: {"using":"xpath","value":"//tbody/tr[2]/td[3]"}
COMMAND: GET /session/2470cbd8ac088ccede0b0111893aec7b/element/8d75525a-efa7-4ef2-bf0a-33633e3ea10c/text - {}
RESULT: {}
]]>
      </system-out>
      <system-err>
        <![CDATA[
AssertionError: Service is not 10% of the truck price!: expected 29.999962500046873 to equal 10
    at Context.<anonymous> (C:\Source\lionstruckqa\webdriverio-test\test\specs\TC3-ManageSubscriptionProducts.js:85:12)
    at Context.executeSync (C:\Source\lionstruckqa\webdriverio-test\node_modules\@wdio\sync\build\index.js:25:22)
    at C:\Source\lionstruckqa\webdriverio-test\node_modules\@wdio\sync\build\index.js:46:68
]]>
      </system-err>
    </testcase>
    <testcase classname="chrome.88_0_4324_150.windows.Salesforce_E2E" name="should_delete_added_service" time="9.032">
      <system-out>
        <![CDATA[
COMMAND: POST /session/2470cbd8ac088ccede0b0111893aec7b/element - {"using":"xpath","value":"//div[contains(text(),'Edit Products')]"}
RESULT: {"using":"xpath","value":"//div[contains(text(),'Edit Products')]"}
COMMAND: POST /session/2470cbd8ac088ccede0b0111893aec7b/element/a6a5ba74-af4e-43d6-9337-8679e81e5483/click - {}
RESULT: {}
COMMAND: POST /session/2470cbd8ac088ccede0b0111893aec7b/element - {"using":"xpath","value":"//tbody/tr[1]/td[2]/span[1]/span[2]/button[1]"}
RESULT: {"using":"xpath","value":"//tbody/tr[1]/td[2]/span[1]/span[2]/button[1]"}
COMMAND: POST /session/2470cbd8ac088ccede0b0111893aec7b/element/31b37415-b6a1-4878-b593-a36cb188f4b8/click - {}
RESULT: {}
COMMAND: POST /session/2470cbd8ac088ccede0b0111893aec7b/actions - {"actions":[{"type":"key","id":"keyboard","actions":[{"type":"keyDown","value":""},{"type":"keyDown","value":"a"},{"type":"keyDown","value":""},{"type":"keyUp","value":""},{"type":"keyUp","value":"a"},{"type":"keyUp","value":""}]}]}
RESULT: {"actions":[{"type":"key","id":"keyboard","actions":[{"type":"keyDown","value":""},{"type":"keyDown","value":"a"},{"type":"keyDown","value":""},{"type":"keyUp","value":""},{"type":"keyUp","value":"a"},{"type":"keyUp","value":""}]}]}
COMMAND: DELETE /session/2470cbd8ac088ccede0b0111893aec7b/actions - {}
RESULT: {}
COMMAND: POST /session/2470cbd8ac088ccede0b0111893aec7b/actions - {"actions":[{"type":"key","id":"keyboard","actions":[{"type":"keyDown","value":""},{"type":"keyUp","value":""}]}]}
RESULT: {"actions":[{"type":"key","id":"keyboard","actions":[{"type":"keyDown","value":""},{"type":"keyUp","value":""}]}]}
COMMAND: DELETE /session/2470cbd8ac088ccede0b0111893aec7b/actions - {}
RESULT: {}
COMMAND: POST /session/2470cbd8ac088ccede0b0111893aec7b/actions - {"actions":[{"type":"key","id":"keyboard","actions":[{"type":"keyDown","value":""},{"type":"keyUp","value":""}]}]}
RESULT: {"actions":[{"type":"key","id":"keyboard","actions":[{"type":"keyDown","value":""},{"type":"keyUp","value":""}]}]}
COMMAND: DELETE /session/2470cbd8ac088ccede0b0111893aec7b/actions - {}
RESULT: {}
COMMAND: POST /session/2470cbd8ac088ccede0b0111893aec7b/element - {"using":"xpath","value":"//body/div[4]/div[2]/div[1]/div[2]/div[1]/div[3]/div[1]/button[2]/span[1]"}
RESULT: {"using":"xpath","value":"//body/div[4]/div[2]/div[1]/div[2]/div[1]/div[3]/div[1]/button[2]/span[1]"}
COMMAND: POST /session/2470cbd8ac088ccede0b0111893aec7b/element/a06e93ec-53f7-4dac-bdc5-d9a524c706ea/click - {}
RESULT: {}
COMMAND: DELETE /session/2470cbd8ac088ccede0b0111893aec7b - {}
RESULT: {}
]]>
      </system-out>
    </testcase>
  </testsuite>
</testsuites>