<?xml version="1.0" encoding="UTF-8"?>
<testsuites>
  <testsuite name="Salesforce_E2E" timestamp="2021-02-12T00:21:21" time="31.306" tests="5" failures="0" errors="0" skipped="0">
    <properties>
      <property name="specId" value="0"/>
      <property name="suiteName" value="Salesforce E2E"/>
      <property name="capabilities" value="chrome.88_0_4324_150.windows"/>
      <property name="file" value=".\test\specs\TC1-LeadConversion.js"/>
    </properties>
    <testcase classname="chrome.88_0_4324_150.windows.Salesforce_E2E" name="should_login" time="2.253">
      <system-out>
        <![CDATA[
COMMAND: POST /session/03ff0f6489892eed55013f915dbb742e/url - {"url":"https://lisboa2-dev-ed.my.salesforce.com/secur/frontdoor.jsp?sid=00D09000007FkiR!AQEAQJlOq5HE3UvXhoBenZQZZb7IEWf_5Q3TsWyRkyaCQhS7xpJiMMDPjQlyA.wq.KknICSfWSKK9kcOhf4Cr3.p9viMUkWy"}
RESULT: {"url":"https://lisboa2-dev-ed.my.salesforce.com/secur/frontdoor.jsp?sid=00D09000007FkiR!AQEAQJlOq5HE3UvXhoBenZQZZb7IEWf_5Q3TsWyRkyaCQhS7xpJiMMDPjQlyA.wq.KknICSfWSKK9kcOhf4Cr3.p9viMUkWy"}
]]>
      </system-out>
    </testcase>
    <testcase classname="chrome.88_0_4324_150.windows.Salesforce_E2E" name="should_create_a_new_lead" time="8.716">
      <system-out>
        <![CDATA[
COMMAND: POST /session/03ff0f6489892eed55013f915dbb742e/element - {"using":"xpath","value":"//flexipage-record-home-with-subheader-template-desktop2/div[1]/div[3]/div[1]/slot[1]/slot[1]/flexipage-component2[1]/slot[1]/flexipage-tabset2[1]/div[1]/lightning-tabset[1]/div[1]/slot[1]/slot[1]/slot[1]/flexipage-tab2[1]/slot[1]/flexipage-component2[1]/slot[1]/records-lwc-detail-panel[1]/records-base-record-form[1]/div[1]/div[1]/div[1]/div[1]/records-record-layout-event-broker[1]/slot[1]/records-lwc-record-layout[1]/forcegenerated-detailpanel_lead___012000000000000aaa___full___view___recordlayout2[1]/force-record-layout-block[1]/slot[1]/force-record-layout-section[1]/div[1]/div[1]/div[1]/slot[1]/force-record-layout-row[2]/slot[1]/force-record-layout-item[1]/div[1]/div[1]/div[2]/span[1]/slot[1]/slot[1]/lightning-formatted-name[1]"}
COMMAND: POST /session/03ff0f6489892eed55013f915dbb742e/url - {"url":"https://lisboa2-dev-ed.my.salesforce.com/lightning/r/Lead/00Q09000002pXW9EAM/view"}
RESULT: {"using":"xpath","value":"//flexipage-record-home-with-subheader-template-desktop2/div[1]/div[3]/div[1]/slot[1]/slot[1]/flexipage-component2[1]/slot[1]/flexipage-tabset2[1]/div[1]/lightning-tabset[1]/div[1]/slot[1]/slot[1]/slot[1]/flexipage-tab2[1]/slot[1]/flexipage-component2[1]/slot[1]/records-lwc-detail-panel[1]/records-base-record-form[1]/div[1]/div[1]/div[1]/div[1]/records-record-layout-event-broker[1]/slot[1]/records-lwc-record-layout[1]/forcegenerated-detailpanel_lead___012000000000000aaa___full___view___recordlayout2[1]/force-record-layout-block[1]/slot[1]/force-record-layout-section[1]/div[1]/div[1]/div[1]/slot[1]/force-record-layout-row[2]/slot[1]/force-record-layout-item[1]/div[1]/div[1]/div[2]/span[1]/slot[1]/slot[1]/lightning-formatted-name[1]"}
COMMAND: POST /session/03ff0f6489892eed55013f915dbb742e/elements - {"using":"xpath","value":"//flexipage-record-home-with-subheader-template-desktop2/div[1]/div[3]/div[1]/slot[1]/slot[1]/flexipage-component2[1]/slot[1]/flexipage-tabset2[1]/div[1]/lightning-tabset[1]/div[1]/slot[1]/slot[1]/slot[1]/flexipage-tab2[1]/slot[1]/flexipage-component2[1]/slot[1]/records-lwc-detail-panel[1]/records-base-record-form[1]/div[1]/div[1]/div[1]/div[1]/records-record-layout-event-broker[1]/slot[1]/records-lwc-record-layout[1]/forcegenerated-detailpanel_lead___012000000000000aaa___full___view___recordlayout2[1]/force-record-layout-block[1]/slot[1]/force-record-layout-section[1]/div[1]/div[1]/div[1]/slot[1]/force-record-layout-row[2]/slot[1]/force-record-layout-item[1]/div[1]/div[1]/div[2]/span[1]/slot[1]/slot[1]/lightning-formatted-name[1]"}
RESULT: {"url":"https://lisboa2-dev-ed.my.salesforce.com/lightning/r/Lead/00Q09000002pXW9EAM/view"}
RESULT: {"using":"xpath","value":"//flexipage-record-home-with-subheader-template-desktop2/div[1]/div[3]/div[1]/slot[1]/slot[1]/flexipage-component2[1]/slot[1]/flexipage-tabset2[1]/div[1]/lightning-tabset[1]/div[1]/slot[1]/slot[1]/slot[1]/flexipage-tab2[1]/slot[1]/flexipage-component2[1]/slot[1]/records-lwc-detail-panel[1]/records-base-record-form[1]/div[1]/div[1]/div[1]/div[1]/records-record-layout-event-broker[1]/slot[1]/records-lwc-record-layout[1]/forcegenerated-detailpanel_lead___012000000000000aaa___full___view___recordlayout2[1]/force-record-layout-block[1]/slot[1]/force-record-layout-section[1]/div[1]/div[1]/div[1]/slot[1]/force-record-layout-row[2]/slot[1]/force-record-layout-item[1]/div[1]/div[1]/div[2]/span[1]/slot[1]/slot[1]/lightning-formatted-name[1]"}
COMMAND: POST /session/03ff0f6489892eed55013f915dbb742e/elements - {"using":"xpath","value":"//flexipage-record-home-with-subheader-template-desktop2/div[1]/div[3]/div[1]/slot[1]/slot[1]/flexipage-component2[1]/slot[1]/flexipage-tabset2[1]/div[1]/lightning-tabset[1]/div[1]/slot[1]/slot[1]/slot[1]/flexipage-tab2[1]/slot[1]/flexipage-component2[1]/slot[1]/records-lwc-detail-panel[1]/records-base-record-form[1]/div[1]/div[1]/div[1]/div[1]/records-record-layout-event-broker[1]/slot[1]/records-lwc-record-layout[1]/forcegenerated-detailpanel_lead___012000000000000aaa___full___view___recordlayout2[1]/force-record-layout-block[1]/slot[1]/force-record-layout-section[1]/div[1]/div[1]/div[1]/slot[1]/force-record-layout-row[2]/slot[1]/force-record-layout-item[1]/div[1]/div[1]/div[2]/span[1]/slot[1]/slot[1]/lightning-formatted-name[1]"}
RESULT: {"using":"xpath","value":"//flexipage-record-home-with-subheader-template-desktop2/div[1]/div[3]/div[1]/slot[1]/slot[1]/flexipage-component2[1]/slot[1]/flexipage-tabset2[1]/div[1]/lightning-tabset[1]/div[1]/slot[1]/slot[1]/slot[1]/flexipage-tab2[1]/slot[1]/flexipage-component2[1]/slot[1]/records-lwc-detail-panel[1]/records-base-record-form[1]/div[1]/div[1]/div[1]/div[1]/records-record-layout-event-broker[1]/slot[1]/records-lwc-record-layout[1]/forcegenerated-detailpanel_lead___012000000000000aaa___full___view___recordlayout2[1]/force-record-layout-block[1]/slot[1]/force-record-layout-section[1]/div[1]/div[1]/div[1]/slot[1]/force-record-layout-row[2]/slot[1]/force-record-layout-item[1]/div[1]/div[1]/div[2]/span[1]/slot[1]/slot[1]/lightning-formatted-name[1]"}
COMMAND: POST /session/03ff0f6489892eed55013f915dbb742e/elements - {"using":"xpath","value":"//flexipage-record-home-with-subheader-template-desktop2/div[1]/div[3]/div[1]/slot[1]/slot[1]/flexipage-component2[1]/slot[1]/flexipage-tabset2[1]/div[1]/lightning-tabset[1]/div[1]/slot[1]/slot[1]/slot[1]/flexipage-tab2[1]/slot[1]/flexipage-component2[1]/slot[1]/records-lwc-detail-panel[1]/records-base-record-form[1]/div[1]/div[1]/div[1]/div[1]/records-record-layout-event-broker[1]/slot[1]/records-lwc-record-layout[1]/forcegenerated-detailpanel_lead___012000000000000aaa___full___view___recordlayout2[1]/force-record-layout-block[1]/slot[1]/force-record-layout-section[1]/div[1]/div[1]/div[1]/slot[1]/force-record-layout-row[2]/slot[1]/force-record-layout-item[1]/div[1]/div[1]/div[2]/span[1]/slot[1]/slot[1]/lightning-formatted-name[1]"}
RESULT: {"using":"xpath","value":"//flexipage-record-home-with-subheader-template-desktop2/div[1]/div[3]/div[1]/slot[1]/slot[1]/flexipage-component2[1]/slot[1]/flexipage-tabset2[1]/div[1]/lightning-tabset[1]/div[1]/slot[1]/slot[1]/slot[1]/flexipage-tab2[1]/slot[1]/flexipage-component2[1]/slot[1]/records-lwc-detail-panel[1]/records-base-record-form[1]/div[1]/div[1]/div[1]/div[1]/records-record-layout-event-broker[1]/slot[1]/records-lwc-record-layout[1]/forcegenerated-detailpanel_lead___012000000000000aaa___full___view___recordlayout2[1]/force-record-layout-block[1]/slot[1]/force-record-layout-section[1]/div[1]/div[1]/div[1]/slot[1]/force-record-layout-row[2]/slot[1]/force-record-layout-item[1]/div[1]/div[1]/div[2]/span[1]/slot[1]/slot[1]/lightning-formatted-name[1]"}
COMMAND: POST /session/03ff0f6489892eed55013f915dbb742e/elements - {"using":"xpath","value":"//flexipage-record-home-with-subheader-template-desktop2/div[1]/div[3]/div[1]/slot[1]/slot[1]/flexipage-component2[1]/slot[1]/flexipage-tabset2[1]/div[1]/lightning-tabset[1]/div[1]/slot[1]/slot[1]/slot[1]/flexipage-tab2[1]/slot[1]/flexipage-component2[1]/slot[1]/records-lwc-detail-panel[1]/records-base-record-form[1]/div[1]/div[1]/div[1]/div[1]/records-record-layout-event-broker[1]/slot[1]/records-lwc-record-layout[1]/forcegenerated-detailpanel_lead___012000000000000aaa___full___view___recordlayout2[1]/force-record-layout-block[1]/slot[1]/force-record-layout-section[1]/div[1]/div[1]/div[1]/slot[1]/force-record-layout-row[2]/slot[1]/force-record-layout-item[1]/div[1]/div[1]/div[2]/span[1]/slot[1]/slot[1]/lightning-formatted-name[1]"}
RESULT: {"using":"xpath","value":"//flexipage-record-home-with-subheader-template-desktop2/div[1]/div[3]/div[1]/slot[1]/slot[1]/flexipage-component2[1]/slot[1]/flexipage-tabset2[1]/div[1]/lightning-tabset[1]/div[1]/slot[1]/slot[1]/slot[1]/flexipage-tab2[1]/slot[1]/flexipage-component2[1]/slot[1]/records-lwc-detail-panel[1]/records-base-record-form[1]/div[1]/div[1]/div[1]/div[1]/records-record-layout-event-broker[1]/slot[1]/records-lwc-record-layout[1]/forcegenerated-detailpanel_lead___012000000000000aaa___full___view___recordlayout2[1]/force-record-layout-block[1]/slot[1]/force-record-layout-section[1]/div[1]/div[1]/div[1]/slot[1]/force-record-layout-row[2]/slot[1]/force-record-layout-item[1]/div[1]/div[1]/div[2]/span[1]/slot[1]/slot[1]/lightning-formatted-name[1]"}
COMMAND: POST /session/03ff0f6489892eed55013f915dbb742e/elements - {"using":"xpath","value":"//flexipage-record-home-with-subheader-template-desktop2/div[1]/div[3]/div[1]/slot[1]/slot[1]/flexipage-component2[1]/slot[1]/flexipage-tabset2[1]/div[1]/lightning-tabset[1]/div[1]/slot[1]/slot[1]/slot[1]/flexipage-tab2[1]/slot[1]/flexipage-component2[1]/slot[1]/records-lwc-detail-panel[1]/records-base-record-form[1]/div[1]/div[1]/div[1]/div[1]/records-record-layout-event-broker[1]/slot[1]/records-lwc-record-layout[1]/forcegenerated-detailpanel_lead___012000000000000aaa___full___view___recordlayout2[1]/force-record-layout-block[1]/slot[1]/force-record-layout-section[1]/div[1]/div[1]/div[1]/slot[1]/force-record-layout-row[2]/slot[1]/force-record-layout-item[1]/div[1]/div[1]/div[2]/span[1]/slot[1]/slot[1]/lightning-formatted-name[1]"}
RESULT: {"using":"xpath","value":"//flexipage-record-home-with-subheader-template-desktop2/div[1]/div[3]/div[1]/slot[1]/slot[1]/flexipage-component2[1]/slot[1]/flexipage-tabset2[1]/div[1]/lightning-tabset[1]/div[1]/slot[1]/slot[1]/slot[1]/flexipage-tab2[1]/slot[1]/flexipage-component2[1]/slot[1]/records-lwc-detail-panel[1]/records-base-record-form[1]/div[1]/div[1]/div[1]/div[1]/records-record-layout-event-broker[1]/slot[1]/records-lwc-record-layout[1]/forcegenerated-detailpanel_lead___012000000000000aaa___full___view___recordlayout2[1]/force-record-layout-block[1]/slot[1]/force-record-layout-section[1]/div[1]/div[1]/div[1]/slot[1]/force-record-layout-row[2]/slot[1]/force-record-layout-item[1]/div[1]/div[1]/div[2]/span[1]/slot[1]/slot[1]/lightning-formatted-name[1]"}
COMMAND: POST /session/03ff0f6489892eed55013f915dbb742e/elements - {"using":"xpath","value":"//flexipage-record-home-with-subheader-template-desktop2/div[1]/div[3]/div[1]/slot[1]/slot[1]/flexipage-component2[1]/slot[1]/flexipage-tabset2[1]/div[1]/lightning-tabset[1]/div[1]/slot[1]/slot[1]/slot[1]/flexipage-tab2[1]/slot[1]/flexipage-component2[1]/slot[1]/records-lwc-detail-panel[1]/records-base-record-form[1]/div[1]/div[1]/div[1]/div[1]/records-record-layout-event-broker[1]/slot[1]/records-lwc-record-layout[1]/forcegenerated-detailpanel_lead___012000000000000aaa___full___view___recordlayout2[1]/force-record-layout-block[1]/slot[1]/force-record-layout-section[1]/div[1]/div[1]/div[1]/slot[1]/force-record-layout-row[2]/slot[1]/force-record-layout-item[1]/div[1]/div[1]/div[2]/span[1]/slot[1]/slot[1]/lightning-formatted-name[1]"}
RESULT: {"using":"xpath","value":"//flexipage-record-home-with-subheader-template-desktop2/div[1]/div[3]/div[1]/slot[1]/slot[1]/flexipage-component2[1]/slot[1]/flexipage-tabset2[1]/div[1]/lightning-tabset[1]/div[1]/slot[1]/slot[1]/slot[1]/flexipage-tab2[1]/slot[1]/flexipage-component2[1]/slot[1]/records-lwc-detail-panel[1]/records-base-record-form[1]/div[1]/div[1]/div[1]/div[1]/records-record-layout-event-broker[1]/slot[1]/records-lwc-record-layout[1]/forcegenerated-detailpanel_lead___012000000000000aaa___full___view___recordlayout2[1]/force-record-layout-block[1]/slot[1]/force-record-layout-section[1]/div[1]/div[1]/div[1]/slot[1]/force-record-layout-row[2]/slot[1]/force-record-layout-item[1]/div[1]/div[1]/div[2]/span[1]/slot[1]/slot[1]/lightning-formatted-name[1]"}
COMMAND: POST /session/03ff0f6489892eed55013f915dbb742e/elements - {"using":"xpath","value":"//flexipage-record-home-with-subheader-template-desktop2/div[1]/div[3]/div[1]/slot[1]/slot[1]/flexipage-component2[1]/slot[1]/flexipage-tabset2[1]/div[1]/lightning-tabset[1]/div[1]/slot[1]/slot[1]/slot[1]/flexipage-tab2[1]/slot[1]/flexipage-component2[1]/slot[1]/records-lwc-detail-panel[1]/records-base-record-form[1]/div[1]/div[1]/div[1]/div[1]/records-record-layout-event-broker[1]/slot[1]/records-lwc-record-layout[1]/forcegenerated-detailpanel_lead___012000000000000aaa___full___view___recordlayout2[1]/force-record-layout-block[1]/slot[1]/force-record-layout-section[1]/div[1]/div[1]/div[1]/slot[1]/force-record-layout-row[2]/slot[1]/force-record-layout-item[1]/div[1]/div[1]/div[2]/span[1]/slot[1]/slot[1]/lightning-formatted-name[1]"}
RESULT: {"using":"xpath","value":"//flexipage-record-home-with-subheader-template-desktop2/div[1]/div[3]/div[1]/slot[1]/slot[1]/flexipage-component2[1]/slot[1]/flexipage-tabset2[1]/div[1]/lightning-tabset[1]/div[1]/slot[1]/slot[1]/slot[1]/flexipage-tab2[1]/slot[1]/flexipage-component2[1]/slot[1]/records-lwc-detail-panel[1]/records-base-record-form[1]/div[1]/div[1]/div[1]/div[1]/records-record-layout-event-broker[1]/slot[1]/records-lwc-record-layout[1]/forcegenerated-detailpanel_lead___012000000000000aaa___full___view___recordlayout2[1]/force-record-layout-block[1]/slot[1]/force-record-layout-section[1]/div[1]/div[1]/div[1]/slot[1]/force-record-layout-row[2]/slot[1]/force-record-layout-item[1]/div[1]/div[1]/div[2]/span[1]/slot[1]/slot[1]/lightning-formatted-name[1]"}
COMMAND: POST /session/03ff0f6489892eed55013f915dbb742e/elements - {"using":"xpath","value":"//flexipage-record-home-with-subheader-template-desktop2/div[1]/div[3]/div[1]/slot[1]/slot[1]/flexipage-component2[1]/slot[1]/flexipage-tabset2[1]/div[1]/lightning-tabset[1]/div[1]/slot[1]/slot[1]/slot[1]/flexipage-tab2[1]/slot[1]/flexipage-component2[1]/slot[1]/records-lwc-detail-panel[1]/records-base-record-form[1]/div[1]/div[1]/div[1]/div[1]/records-record-layout-event-broker[1]/slot[1]/records-lwc-record-layout[1]/forcegenerated-detailpanel_lead___012000000000000aaa___full___view___recordlayout2[1]/force-record-layout-block[1]/slot[1]/force-record-layout-section[1]/div[1]/div[1]/div[1]/slot[1]/force-record-layout-row[2]/slot[1]/force-record-layout-item[1]/div[1]/div[1]/div[2]/span[1]/slot[1]/slot[1]/lightning-formatted-name[1]"}
RESULT: {"using":"xpath","value":"//flexipage-record-home-with-subheader-template-desktop2/div[1]/div[3]/div[1]/slot[1]/slot[1]/flexipage-component2[1]/slot[1]/flexipage-tabset2[1]/div[1]/lightning-tabset[1]/div[1]/slot[1]/slot[1]/slot[1]/flexipage-tab2[1]/slot[1]/flexipage-component2[1]/slot[1]/records-lwc-detail-panel[1]/records-base-record-form[1]/div[1]/div[1]/div[1]/div[1]/records-record-layout-event-broker[1]/slot[1]/records-lwc-record-layout[1]/forcegenerated-detailpanel_lead___012000000000000aaa___full___view___recordlayout2[1]/force-record-layout-block[1]/slot[1]/force-record-layout-section[1]/div[1]/div[1]/div[1]/slot[1]/force-record-layout-row[2]/slot[1]/force-record-layout-item[1]/div[1]/div[1]/div[2]/span[1]/slot[1]/slot[1]/lightning-formatted-name[1]"}
COMMAND: POST /session/03ff0f6489892eed55013f915dbb742e/elements - {"using":"xpath","value":"//flexipage-record-home-with-subheader-template-desktop2/div[1]/div[3]/div[1]/slot[1]/slot[1]/flexipage-component2[1]/slot[1]/flexipage-tabset2[1]/div[1]/lightning-tabset[1]/div[1]/slot[1]/slot[1]/slot[1]/flexipage-tab2[1]/slot[1]/flexipage-component2[1]/slot[1]/records-lwc-detail-panel[1]/records-base-record-form[1]/div[1]/div[1]/div[1]/div[1]/records-record-layout-event-broker[1]/slot[1]/records-lwc-record-layout[1]/forcegenerated-detailpanel_lead___012000000000000aaa___full___view___recordlayout2[1]/force-record-layout-block[1]/slot[1]/force-record-layout-section[1]/div[1]/div[1]/div[1]/slot[1]/force-record-layout-row[2]/slot[1]/force-record-layout-item[1]/div[1]/div[1]/div[2]/span[1]/slot[1]/slot[1]/lightning-formatted-name[1]"}
RESULT: {"using":"xpath","value":"//flexipage-record-home-with-subheader-template-desktop2/div[1]/div[3]/div[1]/slot[1]/slot[1]/flexipage-component2[1]/slot[1]/flexipage-tabset2[1]/div[1]/lightning-tabset[1]/div[1]/slot[1]/slot[1]/slot[1]/flexipage-tab2[1]/slot[1]/flexipage-component2[1]/slot[1]/records-lwc-detail-panel[1]/records-base-record-form[1]/div[1]/div[1]/div[1]/div[1]/records-record-layout-event-broker[1]/slot[1]/records-lwc-record-layout[1]/forcegenerated-detailpanel_lead___012000000000000aaa___full___view___recordlayout2[1]/force-record-layout-block[1]/slot[1]/force-record-layout-section[1]/div[1]/div[1]/div[1]/slot[1]/force-record-layout-row[2]/slot[1]/force-record-layout-item[1]/div[1]/div[1]/div[2]/span[1]/slot[1]/slot[1]/lightning-formatted-name[1]"}
COMMAND: POST /session/03ff0f6489892eed55013f915dbb742e/elements - {"using":"xpath","value":"//flexipage-record-home-with-subheader-template-desktop2/div[1]/div[3]/div[1]/slot[1]/slot[1]/flexipage-component2[1]/slot[1]/flexipage-tabset2[1]/div[1]/lightning-tabset[1]/div[1]/slot[1]/slot[1]/slot[1]/flexipage-tab2[1]/slot[1]/flexipage-component2[1]/slot[1]/records-lwc-detail-panel[1]/records-base-record-form[1]/div[1]/div[1]/div[1]/div[1]/records-record-layout-event-broker[1]/slot[1]/records-lwc-record-layout[1]/forcegenerated-detailpanel_lead___012000000000000aaa___full___view___recordlayout2[1]/force-record-layout-block[1]/slot[1]/force-record-layout-section[1]/div[1]/div[1]/div[1]/slot[1]/force-record-layout-row[2]/slot[1]/force-record-layout-item[1]/div[1]/div[1]/div[2]/span[1]/slot[1]/slot[1]/lightning-formatted-name[1]"}
RESULT: {"using":"xpath","value":"//flexipage-record-home-with-subheader-template-desktop2/div[1]/div[3]/div[1]/slot[1]/slot[1]/flexipage-component2[1]/slot[1]/flexipage-tabset2[1]/div[1]/lightning-tabset[1]/div[1]/slot[1]/slot[1]/slot[1]/flexipage-tab2[1]/slot[1]/flexipage-component2[1]/slot[1]/records-lwc-detail-panel[1]/records-base-record-form[1]/div[1]/div[1]/div[1]/div[1]/records-record-layout-event-broker[1]/slot[1]/records-lwc-record-layout[1]/forcegenerated-detailpanel_lead___012000000000000aaa___full___view___recordlayout2[1]/force-record-layout-block[1]/slot[1]/force-record-layout-section[1]/div[1]/div[1]/div[1]/slot[1]/force-record-layout-row[2]/slot[1]/force-record-layout-item[1]/div[1]/div[1]/div[2]/span[1]/slot[1]/slot[1]/lightning-formatted-name[1]"}
COMMAND: POST /session/03ff0f6489892eed55013f915dbb742e/element - {"using":"xpath","value":"//flexipage-record-home-with-subheader-template-desktop2/div[1]/div[3]/div[1]/slot[1]/slot[1]/flexipage-component2[1]/slot[1]/flexipage-tabset2[1]/div[1]/lightning-tabset[1]/div[1]/slot[1]/slot[1]/slot[1]/flexipage-tab2[1]/slot[1]/flexipage-component2[1]/slot[1]/records-lwc-detail-panel[1]/records-base-record-form[1]/div[1]/div[1]/div[1]/div[1]/records-record-layout-event-broker[1]/slot[1]/records-lwc-record-layout[1]/forcegenerated-detailpanel_lead___012000000000000aaa___full___view___recordlayout2[1]/force-record-layout-block[1]/slot[1]/force-record-layout-section[1]/div[1]/div[1]/div[1]/slot[1]/force-record-layout-row[2]/slot[1]/force-record-layout-item[1]/div[1]/div[1]/div[2]/span[1]/slot[1]/slot[1]/lightning-formatted-name[1]"}
RESULT: {"using":"xpath","value":"//flexipage-record-home-with-subheader-template-desktop2/div[1]/div[3]/div[1]/slot[1]/slot[1]/flexipage-component2[1]/slot[1]/flexipage-tabset2[1]/div[1]/lightning-tabset[1]/div[1]/slot[1]/slot[1]/slot[1]/flexipage-tab2[1]/slot[1]/flexipage-component2[1]/slot[1]/records-lwc-detail-panel[1]/records-base-record-form[1]/div[1]/div[1]/div[1]/div[1]/records-record-layout-event-broker[1]/slot[1]/records-lwc-record-layout[1]/forcegenerated-detailpanel_lead___012000000000000aaa___full___view___recordlayout2[1]/force-record-layout-block[1]/slot[1]/force-record-layout-section[1]/div[1]/div[1]/div[1]/slot[1]/force-record-layout-row[2]/slot[1]/force-record-layout-item[1]/div[1]/div[1]/div[2]/span[1]/slot[1]/slot[1]/lightning-formatted-name[1]"}
COMMAND: GET /session/03ff0f6489892eed55013f915dbb742e/element/0cd7fafb-7d35-4148-b0e1-3b41978db70a/text - {}
RESULT: {}
COMMAND: GET /session/03ff0f6489892eed55013f915dbb742e/element/0cd7fafb-7d35-4148-b0e1-3b41978db70a/text - {}
RESULT: {}
]]>
      </system-out>
    </testcase>
    <testcase classname="chrome.88_0_4324_150.windows.Salesforce_E2E" name="should_convert_lead_into_account_contact_and_opportunity" time="14.321">
      <system-out>
        <![CDATA[
COMMAND: POST /session/03ff0f6489892eed55013f915dbb742e/element - {"using":"xpath","value":"//flexipage-record-home-with-subheader-template-desktop2/div[1]/div[1]/slot[1]/slot[1]/flexipage-component2[1]/slot[1]/records-lwc-highlights-panel[1]/records-lwc-record-layout[1]/forcegenerated-highlightspanel_lead___012000000000000aaa___compact___view___recordlayout2[1]/force-highlights2[1]/div[1]/div[1]/div[3]/div[1]/runtime_platform_actions-actions-ribbon[1]/ul[1]/li[4]/lightning-button-menu[1]"}
RESULT: {"using":"xpath","value":"//flexipage-record-home-with-subheader-template-desktop2/div[1]/div[1]/slot[1]/slot[1]/flexipage-component2[1]/slot[1]/records-lwc-highlights-panel[1]/records-lwc-record-layout[1]/forcegenerated-highlightspanel_lead___012000000000000aaa___compact___view___recordlayout2[1]/force-highlights2[1]/div[1]/div[1]/div[3]/div[1]/runtime_platform_actions-actions-ribbon[1]/ul[1]/li[4]/lightning-button-menu[1]"}
COMMAND: POST /session/03ff0f6489892eed55013f915dbb742e/element/7cd51823-9b8d-40c7-854e-d8d3da8c04a5/click - {}
RESULT: {}
COMMAND: POST /session/03ff0f6489892eed55013f915dbb742e/actions - {"actions":[{"type":"key","id":"keyboard","actions":[{"type":"keyDown","value":""},{"type":"keyUp","value":""}]}]}
RESULT: {"actions":[{"type":"key","id":"keyboard","actions":[{"type":"keyDown","value":""},{"type":"keyUp","value":""}]}]}
COMMAND: DELETE /session/03ff0f6489892eed55013f915dbb742e/actions - {}
RESULT: {}
COMMAND: POST /session/03ff0f6489892eed55013f915dbb742e/actions - {"actions":[{"type":"key","id":"keyboard","actions":[{"type":"keyDown","value":""},{"type":"keyUp","value":""}]}]}
RESULT: {"actions":[{"type":"key","id":"keyboard","actions":[{"type":"keyDown","value":""},{"type":"keyUp","value":""}]}]}
COMMAND: DELETE /session/03ff0f6489892eed55013f915dbb742e/actions - {}
RESULT: {}
COMMAND: POST /session/03ff0f6489892eed55013f915dbb742e/actions - {"actions":[{"type":"key","id":"keyboard","actions":[{"type":"keyDown","value":""},{"type":"keyUp","value":""}]}]}
RESULT: {"actions":[{"type":"key","id":"keyboard","actions":[{"type":"keyDown","value":""},{"type":"keyUp","value":""}]}]}
COMMAND: DELETE /session/03ff0f6489892eed55013f915dbb742e/actions - {}
RESULT: {}
COMMAND: POST /session/03ff0f6489892eed55013f915dbb742e/actions - {"actions":[{"type":"key","id":"keyboard","actions":[{"type":"keyDown","value":""},{"type":"keyUp","value":""}]}]}
RESULT: {"actions":[{"type":"key","id":"keyboard","actions":[{"type":"keyDown","value":""},{"type":"keyUp","value":""}]}]}
COMMAND: DELETE /session/03ff0f6489892eed55013f915dbb742e/actions - {}
RESULT: {}
COMMAND: POST /session/03ff0f6489892eed55013f915dbb742e/actions - {"actions":[{"type":"key","id":"keyboard","actions":[{"type":"keyDown","value":""},{"type":"keyUp","value":""}]}]}
RESULT: {"actions":[{"type":"key","id":"keyboard","actions":[{"type":"keyDown","value":""},{"type":"keyUp","value":""}]}]}
COMMAND: DELETE /session/03ff0f6489892eed55013f915dbb742e/actions - {}
RESULT: {}
COMMAND: POST /session/03ff0f6489892eed55013f915dbb742e/actions - {"actions":[{"type":"key","id":"keyboard","actions":[{"type":"keyDown","value":""},{"type":"keyUp","value":""}]}]}
RESULT: {"actions":[{"type":"key","id":"keyboard","actions":[{"type":"keyDown","value":""},{"type":"keyUp","value":""}]}]}
COMMAND: DELETE /session/03ff0f6489892eed55013f915dbb742e/actions - {}
RESULT: {}
COMMAND: POST /session/03ff0f6489892eed55013f915dbb742e/element - {"using":"xpath","value":"/html[1]/body[1]/div[4]/div[2]/div[1]/div[2]/div[1]/div[3]/button[2]"}
RESULT: {"using":"xpath","value":"/html[1]/body[1]/div[4]/div[2]/div[1]/div[2]/div[1]/div[3]/button[2]"}
COMMAND: POST /session/03ff0f6489892eed55013f915dbb742e/element/b5c5c96a-8b92-4331-9522-b3f427f07e04/click - {}
RESULT: {}
COMMAND: POST /session/03ff0f6489892eed55013f915dbb742e/element - {"using":"xpath","value":"//span[contains(text(),'Your lead has been converted')]"}
RESULT: {"using":"xpath","value":"//span[contains(text(),'Your lead has been converted')]"}
COMMAND: POST /session/03ff0f6489892eed55013f915dbb742e/elements - {"using":"xpath","value":"//span[contains(text(),'Your lead has been converted')]"}
RESULT: {"using":"xpath","value":"//span[contains(text(),'Your lead has been converted')]"}
COMMAND: POST /session/03ff0f6489892eed55013f915dbb742e/element - {"using":"xpath","value":"//span[contains(text(),'Your lead has been converted')]"}
RESULT: {"using":"xpath","value":"//span[contains(text(),'Your lead has been converted')]"}
COMMAND: POST /session/03ff0f6489892eed55013f915dbb742e/elements - {"using":"xpath","value":"//span[contains(text(),'Your lead has been converted')]"}
RESULT: {"using":"xpath","value":"//span[contains(text(),'Your lead has been converted')]"}
COMMAND: POST /session/03ff0f6489892eed55013f915dbb742e/element - {"using":"xpath","value":"//span[contains(text(),'Your lead has been converted')]"}
RESULT: {"using":"xpath","value":"//span[contains(text(),'Your lead has been converted')]"}
COMMAND: POST /session/03ff0f6489892eed55013f915dbb742e/elements - {"using":"xpath","value":"//span[contains(text(),'Your lead has been converted')]"}
RESULT: {"using":"xpath","value":"//span[contains(text(),'Your lead has been converted')]"}
]]>
      </system-out>
    </testcase>
    <testcase classname="chrome.88_0_4324_150.windows.Salesforce_E2E" name="should_return_created_account_contact_and_opportunity" time="3.005">
      <system-out>
        <![CDATA[
COMMAND: POST /session/03ff0f6489892eed55013f915dbb742e/url - {"url":"https://lisboa2-dev-ed.my.salesforce.com/lightning/r/Opportunity/00609000003Q9sVAAS/view"}
COMMAND: POST /session/03ff0f6489892eed55013f915dbb742e/url - {"url":"https://lisboa2-dev-ed.my.salesforce.com/lightning/r/Account/00109000009OYLjAAO/view"}
RESULT: {"url":"https://lisboa2-dev-ed.my.salesforce.com/lightning/r/Opportunity/00609000003Q9sVAAS/view"}
]]>
      </system-out>
    </testcase>
    <testcase classname="chrome.88_0_4324_150.windows.Salesforce_E2E" name="should_delete_created_account_contact_and_opportunity" time="3.003">
      <system-out>
        <![CDATA[
RESULT: {"url":"https://lisboa2-dev-ed.my.salesforce.com/lightning/r/Account/00109000009OYLjAAO/view"}
COMMAND: DELETE /session/03ff0f6489892eed55013f915dbb742e - {}
RESULT: {}
]]>
      </system-out>
    </testcase>
  </testsuite>
</testsuites>