<?xml version="1.0" encoding="UTF-8"?>
<testsuites>
  <testsuite name="Salesforce_E2E" timestamp="2021-02-13T00:34:31" time="63.469" tests="7" failures="0" errors="0" skipped="0">
    <properties>
      <property name="specId" value="0"/>
      <property name="suiteName" value="Salesforce E2E"/>
      <property name="capabilities" value="chrome.88_0_4324_150.windows"/>
      <property name="file" value=".\test\specs\TC4-ManageQuotes.js"/>
    </properties>
    <testcase classname="chrome.88_0_4324_150.windows.Salesforce_E2E" name="should_login" time="1.808">
      <system-out>
        <![CDATA[
COMMAND: POST /session/bb51ce2e93ea6a843a97b552e02ad8e8/url - {"url":"https://lisboa2-dev-ed.my.salesforce.com/secur/frontdoor.jsp?sid=00D09000007FkiR!AQEAQOG7c1gg2K_3QSh7BGWe.a6BwIGcsKTXY7jZ8LiD_trqapAhbCKUpRADrKC_pO1fBGtyr5PhdRMBFssSGvk6yZuMSiD."}
RESULT: {"url":"https://lisboa2-dev-ed.my.salesforce.com/secur/frontdoor.jsp?sid=00D09000007FkiR!AQEAQOG7c1gg2K_3QSh7BGWe.a6BwIGcsKTXY7jZ8LiD_trqapAhbCKUpRADrKC_pO1fBGtyr5PhdRMBFssSGvk6yZuMSiD."}
]]>
      </system-out>
    </testcase>
    <testcase classname="chrome.88_0_4324_150.windows.Salesforce_E2E" name="should_update_opportunity_stage" time="12.137">
      <system-out>
        <![CDATA[
COMMAND: POST /session/bb51ce2e93ea6a843a97b552e02ad8e8/url - {"url":"https://lisboa2-dev-ed.my.salesforce.com/lightning/r/Account/00109000009OsGFAA0/view"}
RESULT: {"url":"https://lisboa2-dev-ed.my.salesforce.com/lightning/r/Account/00109000009OsGFAA0/view"}
COMMAND: GET /session/bb51ce2e93ea6a843a97b552e02ad8e8/url - {}
RESULT: {}
COMMAND: POST /session/bb51ce2e93ea6a843a97b552e02ad8e8/url - {"url":"https://lisboa2-dev-ed.my.salesforce.com/lightning/r/Opportunity/00609000003QBcRAAW/view"}
RESULT: {"url":"https://lisboa2-dev-ed.my.salesforce.com/lightning/r/Opportunity/00609000003QBcRAAW/view"}
]]>
      </system-out>
    </testcase>
    <testcase classname="chrome.88_0_4324_150.windows.Salesforce_E2E" name="should_add_quote" time="19.441">
      <system-out>
        <![CDATA[
COMMAND: POST /session/bb51ce2e93ea6a843a97b552e02ad8e8/url - {"url":"https://lisboa2-dev-ed.my.salesforce.com/lightning/r/Account/00109000009OsGFAA0/view"}
RESULT: {"url":"https://lisboa2-dev-ed.my.salesforce.com/lightning/r/Account/00109000009OsGFAA0/view"}
COMMAND: GET /session/bb51ce2e93ea6a843a97b552e02ad8e8/url - {}
RESULT: {}
COMMAND: POST /session/bb51ce2e93ea6a843a97b552e02ad8e8/url - {"url":"https://lisboa2-dev-ed.my.salesforce.com/lightning/r/Quote/00609000003QBcRAAW/related/Quotes/view"}
RESULT: {"url":"https://lisboa2-dev-ed.my.salesforce.com/lightning/r/Quote/00609000003QBcRAAW/related/Quotes/view"}
COMMAND: POST /session/bb51ce2e93ea6a843a97b552e02ad8e8/element - {"using":"xpath","value":"//div[contains(text(),'New Quote')]"}
RESULT: {"using":"xpath","value":"//div[contains(text(),'New Quote')]"}
COMMAND: POST /session/bb51ce2e93ea6a843a97b552e02ad8e8/element/8547a07b-23a5-40fe-bfc3-fd5ecc6978d3/click - {}
RESULT: {}
COMMAND: POST /session/bb51ce2e93ea6a843a97b552e02ad8e8/actions - {"actions":[{"type":"key","id":"keyboard","actions":[{"type":"keyDown","value":""},{"type":"keyUp","value":""}]}]}
RESULT: {"actions":[{"type":"key","id":"keyboard","actions":[{"type":"keyDown","value":""},{"type":"keyUp","value":""}]}]}
COMMAND: DELETE /session/bb51ce2e93ea6a843a97b552e02ad8e8/actions - {}
RESULT: {}
COMMAND: POST /session/bb51ce2e93ea6a843a97b552e02ad8e8/actions - {"actions":[{"type":"key","id":"keyboard","actions":[{"type":"keyDown","value":""},{"type":"keyUp","value":""}]}]}
RESULT: {"actions":[{"type":"key","id":"keyboard","actions":[{"type":"keyDown","value":""},{"type":"keyUp","value":""}]}]}
COMMAND: DELETE /session/bb51ce2e93ea6a843a97b552e02ad8e8/actions - {}
RESULT: {}
COMMAND: POST /session/bb51ce2e93ea6a843a97b552e02ad8e8/actions - {"actions":[{"type":"key","id":"keyboard","actions":[{"type":"keyDown","value":""},{"type":"keyUp","value":""}]}]}
RESULT: {"actions":[{"type":"key","id":"keyboard","actions":[{"type":"keyDown","value":""},{"type":"keyUp","value":""}]}]}
COMMAND: DELETE /session/bb51ce2e93ea6a843a97b552e02ad8e8/actions - {}
RESULT: {}
COMMAND: POST /session/bb51ce2e93ea6a843a97b552e02ad8e8/actions - {"actions":[{"type":"key","id":"keyboard","actions":[{"type":"keyDown","value":""},{"type":"keyUp","value":""}]}]}
RESULT: {"actions":[{"type":"key","id":"keyboard","actions":[{"type":"keyDown","value":""},{"type":"keyUp","value":""}]}]}
COMMAND: DELETE /session/bb51ce2e93ea6a843a97b552e02ad8e8/actions - {}
RESULT: {}
COMMAND: POST /session/bb51ce2e93ea6a843a97b552e02ad8e8/actions - {"actions":[{"type":"key","id":"keyboard","actions":[{"type":"keyDown","value":"T"},{"type":"keyDown","value":"e"},{"type":"keyDown","value":"s"},{"type":"keyDown","value":"t"},{"type":"keyUp","value":"T"},{"type":"keyUp","value":"e"},{"type":"keyUp","value":"s"},{"type":"keyUp","value":"t"}]}]}
RESULT: {"actions":[{"type":"key","id":"keyboard","actions":[{"type":"keyDown","value":"T"},{"type":"keyDown","value":"e"},{"type":"keyDown","value":"s"},{"type":"keyDown","value":"t"},{"type":"keyUp","value":"T"},{"type":"keyUp","value":"e"},{"type":"keyUp","value":"s"},{"type":"keyUp","value":"t"}]}]}
COMMAND: DELETE /session/bb51ce2e93ea6a843a97b552e02ad8e8/actions - {}
RESULT: {}
COMMAND: POST /session/bb51ce2e93ea6a843a97b552e02ad8e8/actions - {"actions":[{"type":"key","id":"keyboard","actions":[{"type":"keyDown","value":""},{"type":"keyUp","value":""}]}]}
RESULT: {"actions":[{"type":"key","id":"keyboard","actions":[{"type":"keyDown","value":""},{"type":"keyUp","value":""}]}]}
COMMAND: DELETE /session/bb51ce2e93ea6a843a97b552e02ad8e8/actions - {}
RESULT: {}
COMMAND: POST /session/bb51ce2e93ea6a843a97b552e02ad8e8/actions - {"actions":[{"type":"key","id":"keyboard","actions":[{"type":"keyDown","value":""},{"type":"keyUp","value":""}]}]}
RESULT: {"actions":[{"type":"key","id":"keyboard","actions":[{"type":"keyDown","value":""},{"type":"keyUp","value":""}]}]}
COMMAND: DELETE /session/bb51ce2e93ea6a843a97b552e02ad8e8/actions - {}
RESULT: {}
COMMAND: POST /session/bb51ce2e93ea6a843a97b552e02ad8e8/actions - {"actions":[{"type":"key","id":"keyboard","actions":[{"type":"keyDown","value":""},{"type":"keyUp","value":""}]}]}
RESULT: {"actions":[{"type":"key","id":"keyboard","actions":[{"type":"keyDown","value":""},{"type":"keyUp","value":""}]}]}
COMMAND: DELETE /session/bb51ce2e93ea6a843a97b552e02ad8e8/actions - {}
RESULT: {}
COMMAND: POST /session/bb51ce2e93ea6a843a97b552e02ad8e8/actions - {"actions":[{"type":"key","id":"keyboard","actions":[{"type":"keyDown","value":""},{"type":"keyUp","value":""}]}]}
RESULT: {"actions":[{"type":"key","id":"keyboard","actions":[{"type":"keyDown","value":""},{"type":"keyUp","value":""}]}]}
COMMAND: DELETE /session/bb51ce2e93ea6a843a97b552e02ad8e8/actions - {}
RESULT: {}
COMMAND: POST /session/bb51ce2e93ea6a843a97b552e02ad8e8/actions - {"actions":[{"type":"key","id":"keyboard","actions":[{"type":"keyDown","value":""},{"type":"keyUp","value":""}]}]}
RESULT: {"actions":[{"type":"key","id":"keyboard","actions":[{"type":"keyDown","value":""},{"type":"keyUp","value":""}]}]}
COMMAND: DELETE /session/bb51ce2e93ea6a843a97b552e02ad8e8/actions - {}
RESULT: {}
COMMAND: POST /session/bb51ce2e93ea6a843a97b552e02ad8e8/actions - {"actions":[{"type":"key","id":"keyboard","actions":[{"type":"keyDown","value":""},{"type":"keyUp","value":""}]}]}
RESULT: {"actions":[{"type":"key","id":"keyboard","actions":[{"type":"keyDown","value":""},{"type":"keyUp","value":""}]}]}
COMMAND: DELETE /session/bb51ce2e93ea6a843a97b552e02ad8e8/actions - {}
RESULT: {}
COMMAND: POST /session/bb51ce2e93ea6a843a97b552e02ad8e8/actions - {"actions":[{"type":"key","id":"keyboard","actions":[{"type":"keyDown","value":""},{"type":"keyUp","value":""}]}]}
RESULT: {"actions":[{"type":"key","id":"keyboard","actions":[{"type":"keyDown","value":""},{"type":"keyUp","value":""}]}]}
COMMAND: DELETE /session/bb51ce2e93ea6a843a97b552e02ad8e8/actions - {}
RESULT: {}
COMMAND: POST /session/bb51ce2e93ea6a843a97b552e02ad8e8/actions - {"actions":[{"type":"key","id":"keyboard","actions":[{"type":"keyDown","value":""},{"type":"keyUp","value":""}]}]}
RESULT: {"actions":[{"type":"key","id":"keyboard","actions":[{"type":"keyDown","value":""},{"type":"keyUp","value":""}]}]}
COMMAND: DELETE /session/bb51ce2e93ea6a843a97b552e02ad8e8/actions - {}
RESULT: {}
COMMAND: POST /session/bb51ce2e93ea6a843a97b552e02ad8e8/actions - {"actions":[{"type":"key","id":"keyboard","actions":[{"type":"keyDown","value":""},{"type":"keyUp","value":""}]}]}
RESULT: {"actions":[{"type":"key","id":"keyboard","actions":[{"type":"keyDown","value":""},{"type":"keyUp","value":""}]}]}
COMMAND: DELETE /session/bb51ce2e93ea6a843a97b552e02ad8e8/actions - {}
RESULT: {}
COMMAND: POST /session/bb51ce2e93ea6a843a97b552e02ad8e8/actions - {"actions":[{"type":"key","id":"keyboard","actions":[{"type":"keyDown","value":""},{"type":"keyUp","value":""}]}]}
RESULT: {"actions":[{"type":"key","id":"keyboard","actions":[{"type":"keyDown","value":""},{"type":"keyUp","value":""}]}]}
COMMAND: DELETE /session/bb51ce2e93ea6a843a97b552e02ad8e8/actions - {}
RESULT: {}
COMMAND: POST /session/bb51ce2e93ea6a843a97b552e02ad8e8/actions - {"actions":[{"type":"key","id":"keyboard","actions":[{"type":"keyDown","value":""},{"type":"keyUp","value":""}]}]}
RESULT: {"actions":[{"type":"key","id":"keyboard","actions":[{"type":"keyDown","value":""},{"type":"keyUp","value":""}]}]}
COMMAND: DELETE /session/bb51ce2e93ea6a843a97b552e02ad8e8/actions - {}
RESULT: {}
COMMAND: POST /session/bb51ce2e93ea6a843a97b552e02ad8e8/actions - {"actions":[{"type":"key","id":"keyboard","actions":[{"type":"keyDown","value":""},{"type":"keyUp","value":""}]}]}
RESULT: {"actions":[{"type":"key","id":"keyboard","actions":[{"type":"keyDown","value":""},{"type":"keyUp","value":""}]}]}
COMMAND: DELETE /session/bb51ce2e93ea6a843a97b552e02ad8e8/actions - {}
RESULT: {}
COMMAND: POST /session/bb51ce2e93ea6a843a97b552e02ad8e8/actions - {"actions":[{"type":"key","id":"keyboard","actions":[{"type":"keyDown","value":""},{"type":"keyUp","value":""}]}]}
RESULT: {"actions":[{"type":"key","id":"keyboard","actions":[{"type":"keyDown","value":""},{"type":"keyUp","value":""}]}]}
COMMAND: DELETE /session/bb51ce2e93ea6a843a97b552e02ad8e8/actions - {}
RESULT: {}
COMMAND: POST /session/bb51ce2e93ea6a843a97b552e02ad8e8/actions - {"actions":[{"type":"key","id":"keyboard","actions":[{"type":"keyDown","value":""},{"type":"keyUp","value":""}]}]}
RESULT: {"actions":[{"type":"key","id":"keyboard","actions":[{"type":"keyDown","value":""},{"type":"keyUp","value":""}]}]}
COMMAND: DELETE /session/bb51ce2e93ea6a843a97b552e02ad8e8/actions - {}
RESULT: {}
COMMAND: POST /session/bb51ce2e93ea6a843a97b552e02ad8e8/actions - {"actions":[{"type":"key","id":"keyboard","actions":[{"type":"keyDown","value":""},{"type":"keyUp","value":""}]}]}
RESULT: {"actions":[{"type":"key","id":"keyboard","actions":[{"type":"keyDown","value":""},{"type":"keyUp","value":""}]}]}
COMMAND: DELETE /session/bb51ce2e93ea6a843a97b552e02ad8e8/actions - {}
RESULT: {}
COMMAND: POST /session/bb51ce2e93ea6a843a97b552e02ad8e8/actions - {"actions":[{"type":"key","id":"keyboard","actions":[{"type":"keyDown","value":""},{"type":"keyUp","value":""}]}]}
RESULT: {"actions":[{"type":"key","id":"keyboard","actions":[{"type":"keyDown","value":""},{"type":"keyUp","value":""}]}]}
COMMAND: DELETE /session/bb51ce2e93ea6a843a97b552e02ad8e8/actions - {}
RESULT: {}
COMMAND: POST /session/bb51ce2e93ea6a843a97b552e02ad8e8/actions - {"actions":[{"type":"key","id":"keyboard","actions":[{"type":"keyDown","value":""},{"type":"keyUp","value":""}]}]}
RESULT: {"actions":[{"type":"key","id":"keyboard","actions":[{"type":"keyDown","value":""},{"type":"keyUp","value":""}]}]}
COMMAND: DELETE /session/bb51ce2e93ea6a843a97b552e02ad8e8/actions - {}
RESULT: {}
COMMAND: POST /session/bb51ce2e93ea6a843a97b552e02ad8e8/actions - {"actions":[{"type":"key","id":"keyboard","actions":[{"type":"keyDown","value":""},{"type":"keyUp","value":""}]}]}
RESULT: {"actions":[{"type":"key","id":"keyboard","actions":[{"type":"keyDown","value":""},{"type":"keyUp","value":""}]}]}
COMMAND: DELETE /session/bb51ce2e93ea6a843a97b552e02ad8e8/actions - {}
RESULT: {}
COMMAND: POST /session/bb51ce2e93ea6a843a97b552e02ad8e8/actions - {"actions":[{"type":"key","id":"keyboard","actions":[{"type":"keyDown","value":""},{"type":"keyUp","value":""}]}]}
RESULT: {"actions":[{"type":"key","id":"keyboard","actions":[{"type":"keyDown","value":""},{"type":"keyUp","value":""}]}]}
COMMAND: DELETE /session/bb51ce2e93ea6a843a97b552e02ad8e8/actions - {}
RESULT: {}
COMMAND: POST /session/bb51ce2e93ea6a843a97b552e02ad8e8/actions - {"actions":[{"type":"key","id":"keyboard","actions":[{"type":"keyDown","value":""},{"type":"keyUp","value":""}]}]}
RESULT: {"actions":[{"type":"key","id":"keyboard","actions":[{"type":"keyDown","value":""},{"type":"keyUp","value":""}]}]}
COMMAND: DELETE /session/bb51ce2e93ea6a843a97b552e02ad8e8/actions - {}
RESULT: {}
COMMAND: POST /session/bb51ce2e93ea6a843a97b552e02ad8e8/actions - {"actions":[{"type":"key","id":"keyboard","actions":[{"type":"keyDown","value":""},{"type":"keyUp","value":""}]}]}
RESULT: {"actions":[{"type":"key","id":"keyboard","actions":[{"type":"keyDown","value":""},{"type":"keyUp","value":""}]}]}
COMMAND: DELETE /session/bb51ce2e93ea6a843a97b552e02ad8e8/actions - {}
RESULT: {}
COMMAND: POST /session/bb51ce2e93ea6a843a97b552e02ad8e8/actions - {"actions":[{"type":"key","id":"keyboard","actions":[{"type":"keyDown","value":""},{"type":"keyUp","value":""}]}]}
RESULT: {"actions":[{"type":"key","id":"keyboard","actions":[{"type":"keyDown","value":""},{"type":"keyUp","value":""}]}]}
COMMAND: DELETE /session/bb51ce2e93ea6a843a97b552e02ad8e8/actions - {}
RESULT: {}
COMMAND: POST /session/bb51ce2e93ea6a843a97b552e02ad8e8/actions - {"actions":[{"type":"key","id":"keyboard","actions":[{"type":"keyDown","value":""},{"type":"keyUp","value":""}]}]}
RESULT: {"actions":[{"type":"key","id":"keyboard","actions":[{"type":"keyDown","value":""},{"type":"keyUp","value":""}]}]}
COMMAND: DELETE /session/bb51ce2e93ea6a843a97b552e02ad8e8/actions - {}
RESULT: {}
COMMAND: POST /session/bb51ce2e93ea6a843a97b552e02ad8e8/actions - {"actions":[{"type":"key","id":"keyboard","actions":[{"type":"keyDown","value":""},{"type":"keyUp","value":""}]}]}
RESULT: {"actions":[{"type":"key","id":"keyboard","actions":[{"type":"keyDown","value":""},{"type":"keyUp","value":""}]}]}
COMMAND: DELETE /session/bb51ce2e93ea6a843a97b552e02ad8e8/actions - {}
RESULT: {}
]]>
      </system-out>
    </testcase>
    <testcase classname="chrome.88_0_4324_150.windows.Salesforce_E2E" name="should_return_created_quote" time="6.027">
      <system-out>
        <![CDATA[
COMMAND: POST /session/bb51ce2e93ea6a843a97b552e02ad8e8/url - {"url":"https://lisboa2-dev-ed.my.salesforce.com/lightning/r/Account/00109000009OsGFAA0/view"}
RESULT: {"url":"https://lisboa2-dev-ed.my.salesforce.com/lightning/r/Account/00109000009OsGFAA0/view"}
COMMAND: GET /session/bb51ce2e93ea6a843a97b552e02ad8e8/url - {}
RESULT: {}
COMMAND: POST /session/bb51ce2e93ea6a843a97b552e02ad8e8/url - {"url":"https://lisboa2-dev-ed.my.salesforce.com/lightning/r/Quote/0Q009000000D8akCAC/view"}
RESULT: {"url":"https://lisboa2-dev-ed.my.salesforce.com/lightning/r/Quote/0Q009000000D8akCAC/view"}
]]>
      </system-out>
    </testcase>
    <testcase classname="chrome.88_0_4324_150.windows.Salesforce_E2E" name="should_update_quote" time="6.01">
      <system-out>
        <![CDATA[
COMMAND: POST /session/bb51ce2e93ea6a843a97b552e02ad8e8/url - {"url":"https://lisboa2-dev-ed.my.salesforce.com/lightning/r/Account/00109000009OsGFAA0/view"}
RESULT: {"url":"https://lisboa2-dev-ed.my.salesforce.com/lightning/r/Account/00109000009OsGFAA0/view"}
COMMAND: GET /session/bb51ce2e93ea6a843a97b552e02ad8e8/url - {}
RESULT: {}
COMMAND: POST /session/bb51ce2e93ea6a843a97b552e02ad8e8/url - {"url":"https://lisboa2-dev-ed.my.salesforce.com/lightning/r/Quote/0Q009000000D8akCAC/view"}
RESULT: {"url":"https://lisboa2-dev-ed.my.salesforce.com/lightning/r/Quote/0Q009000000D8akCAC/view"}
]]>
      </system-out>
    </testcase>
    <testcase classname="chrome.88_0_4324_150.windows.Salesforce_E2E" name="should_return_order_and_assets" time="12.031">
      <system-out>
        <![CDATA[
COMMAND: POST /session/bb51ce2e93ea6a843a97b552e02ad8e8/url - {"url":"https://lisboa2-dev-ed.my.salesforce.com/lightning/r/Account/00109000009OsGFAA0/view"}
RESULT: {"url":"https://lisboa2-dev-ed.my.salesforce.com/lightning/r/Account/00109000009OsGFAA0/view"}
COMMAND: GET /session/bb51ce2e93ea6a843a97b552e02ad8e8/url - {}
RESULT: {}
COMMAND: POST /session/bb51ce2e93ea6a843a97b552e02ad8e8/url - {"url":"https://lisboa2-dev-ed.my.salesforce.com/lightning/r/Order/80109000000btf9AAA/view"}
RESULT: {"url":"https://lisboa2-dev-ed.my.salesforce.com/lightning/r/Order/80109000000btf9AAA/view"}
COMMAND: POST /session/bb51ce2e93ea6a843a97b552e02ad8e8/url - {"url":"https://lisboa2-dev-ed.my.salesforce.com/lightning/r/Account/00109000009OsGFAA0/view"}
RESULT: {"url":"https://lisboa2-dev-ed.my.salesforce.com/lightning/r/Account/00109000009OsGFAA0/view"}
COMMAND: GET /session/bb51ce2e93ea6a843a97b552e02ad8e8/url - {}
RESULT: {}
]]>
      </system-out>
    </testcase>
    <testcase classname="chrome.88_0_4324_150.windows.Salesforce_E2E" name="should_return_order_and_assets" time="6.01">
      <system-out>
        <![CDATA[
COMMAND: POST /session/bb51ce2e93ea6a843a97b552e02ad8e8/url - {"url":"https://lisboa2-dev-ed.my.salesforce.com/lightning/r/Account/00109000009OsGFAA0/view"}
RESULT: {"url":"https://lisboa2-dev-ed.my.salesforce.com/lightning/r/Account/00109000009OsGFAA0/view"}
COMMAND: GET /session/bb51ce2e93ea6a843a97b552e02ad8e8/url - {}
RESULT: {}
COMMAND: POST /session/bb51ce2e93ea6a843a97b552e02ad8e8/url - {"url":"https://lisboa2-dev-ed.my.salesforce.com/lightning/r/Order/80109000000btf9AAA/view"}
RESULT: {"url":"https://lisboa2-dev-ed.my.salesforce.com/lightning/r/Order/80109000000btf9AAA/view"}
COMMAND: DELETE /session/bb51ce2e93ea6a843a97b552e02ad8e8 - {}
RESULT: {}
]]>
      </system-out>
    </testcase>
  </testsuite>
</testsuites>