<?xml version="1.0" encoding="UTF-8"?>
<testsuites>
  <testsuite name="Salesforce_E2E" timestamp="2021-02-13T00:32:39" time="29.06" tests="4" failures="0" errors="0" skipped="0">
    <properties>
      <property name="specId" value="0"/>
      <property name="suiteName" value="Salesforce E2E"/>
      <property name="capabilities" value="chrome.88_0_4324_150.windows"/>
      <property name="file" value=".\test\specs\TC1-LeadConversion.js"/>
    </properties>
    <testcase classname="chrome.88_0_4324_150.windows.Salesforce_E2E" name="should_login" time="2.006">
      <system-out>
        <![CDATA[
COMMAND: POST /session/e5bcd5c8302a0dee6abd20de76e1975a/url - {"url":"https://lisboa2-dev-ed.my.salesforce.com/secur/frontdoor.jsp?sid=00D09000007FkiR!AQEAQOG7c1gg2K_3QSh7BGWe.a6BwIGcsKTXY7jZ8LiD_trqapAhbCKUpRADrKC_pO1fBGtyr5PhdRMBFssSGvk6yZuMSiD."}
RESULT: {"url":"https://lisboa2-dev-ed.my.salesforce.com/secur/frontdoor.jsp?sid=00D09000007FkiR!AQEAQOG7c1gg2K_3QSh7BGWe.a6BwIGcsKTXY7jZ8LiD_trqapAhbCKUpRADrKC_pO1fBGtyr5PhdRMBFssSGvk6yZuMSiD."}
]]>
      </system-out>
    </testcase>
    <testcase classname="chrome.88_0_4324_150.windows.Salesforce_E2E" name="should_create_a_new_lead" time="9.543">
      <system-out>
        <![CDATA[
COMMAND: POST /session/e5bcd5c8302a0dee6abd20de76e1975a/element - {"using":"xpath","value":"//flexipage-record-home-with-subheader-template-desktop2/div[1]/div[3]/div[1]/slot[1]/slot[1]/flexipage-component2[1]/slot[1]/flexipage-tabset2[1]/div[1]/lightning-tabset[1]/div[1]/slot[1]/slot[1]/slot[1]/flexipage-tab2[1]/slot[1]/flexipage-component2[1]/slot[1]/records-lwc-detail-panel[1]/records-base-record-form[1]/div[1]/div[1]/div[1]/div[1]/records-record-layout-event-broker[1]/slot[1]/records-lwc-record-layout[1]/forcegenerated-detailpanel_lead___012000000000000aaa___full___view___recordlayout2[1]/force-record-layout-block[1]/slot[1]/force-record-layout-section[1]/div[1]/div[1]/div[1]/slot[1]/force-record-layout-row[2]/slot[1]/force-record-layout-item[1]/div[1]/div[1]/div[2]/span[1]/slot[1]/slot[1]/lightning-formatted-name[1]"}
COMMAND: POST /session/e5bcd5c8302a0dee6abd20de76e1975a/url - {"url":"https://lisboa2-dev-ed.my.salesforce.com/lightning/r/Lead/00Q09000002panhEAA/view"}
RESULT: {"using":"xpath","value":"//flexipage-record-home-with-subheader-template-desktop2/div[1]/div[3]/div[1]/slot[1]/slot[1]/flexipage-component2[1]/slot[1]/flexipage-tabset2[1]/div[1]/lightning-tabset[1]/div[1]/slot[1]/slot[1]/slot[1]/flexipage-tab2[1]/slot[1]/flexipage-component2[1]/slot[1]/records-lwc-detail-panel[1]/records-base-record-form[1]/div[1]/div[1]/div[1]/div[1]/records-record-layout-event-broker[1]/slot[1]/records-lwc-record-layout[1]/forcegenerated-detailpanel_lead___012000000000000aaa___full___view___recordlayout2[1]/force-record-layout-block[1]/slot[1]/force-record-layout-section[1]/div[1]/div[1]/div[1]/slot[1]/force-record-layout-row[2]/slot[1]/force-record-layout-item[1]/div[1]/div[1]/div[2]/span[1]/slot[1]/slot[1]/lightning-formatted-name[1]"}
COMMAND: POST /session/e5bcd5c8302a0dee6abd20de76e1975a/elements - {"using":"xpath","value":"//flexipage-record-home-with-subheader-template-desktop2/div[1]/div[3]/div[1]/slot[1]/slot[1]/flexipage-component2[1]/slot[1]/flexipage-tabset2[1]/div[1]/lightning-tabset[1]/div[1]/slot[1]/slot[1]/slot[1]/flexipage-tab2[1]/slot[1]/flexipage-component2[1]/slot[1]/records-lwc-detail-panel[1]/records-base-record-form[1]/div[1]/div[1]/div[1]/div[1]/records-record-layout-event-broker[1]/slot[1]/records-lwc-record-layout[1]/forcegenerated-detailpanel_lead___012000000000000aaa___full___view___recordlayout2[1]/force-record-layout-block[1]/slot[1]/force-record-layout-section[1]/div[1]/div[1]/div[1]/slot[1]/force-record-layout-row[2]/slot[1]/force-record-layout-item[1]/div[1]/div[1]/div[2]/span[1]/slot[1]/slot[1]/lightning-formatted-name[1]"}
RESULT: {"url":"https://lisboa2-dev-ed.my.salesforce.com/lightning/r/Lead/00Q09000002panhEAA/view"}
RESULT: {"using":"xpath","value":"//flexipage-record-home-with-subheader-template-desktop2/div[1]/div[3]/div[1]/slot[1]/slot[1]/flexipage-component2[1]/slot[1]/flexipage-tabset2[1]/div[1]/lightning-tabset[1]/div[1]/slot[1]/slot[1]/slot[1]/flexipage-tab2[1]/slot[1]/flexipage-component2[1]/slot[1]/records-lwc-detail-panel[1]/records-base-record-form[1]/div[1]/div[1]/div[1]/div[1]/records-record-layout-event-broker[1]/slot[1]/records-lwc-record-layout[1]/forcegenerated-detailpanel_lead___012000000000000aaa___full___view___recordlayout2[1]/force-record-layout-block[1]/slot[1]/force-record-layout-section[1]/div[1]/div[1]/div[1]/slot[1]/force-record-layout-row[2]/slot[1]/force-record-layout-item[1]/div[1]/div[1]/div[2]/span[1]/slot[1]/slot[1]/lightning-formatted-name[1]"}
COMMAND: POST /session/e5bcd5c8302a0dee6abd20de76e1975a/elements - {"using":"xpath","value":"//flexipage-record-home-with-subheader-template-desktop2/div[1]/div[3]/div[1]/slot[1]/slot[1]/flexipage-component2[1]/slot[1]/flexipage-tabset2[1]/div[1]/lightning-tabset[1]/div[1]/slot[1]/slot[1]/slot[1]/flexipage-tab2[1]/slot[1]/flexipage-component2[1]/slot[1]/records-lwc-detail-panel[1]/records-base-record-form[1]/div[1]/div[1]/div[1]/div[1]/records-record-layout-event-broker[1]/slot[1]/records-lwc-record-layout[1]/forcegenerated-detailpanel_lead___012000000000000aaa___full___view___recordlayout2[1]/force-record-layout-block[1]/slot[1]/force-record-layout-section[1]/div[1]/div[1]/div[1]/slot[1]/force-record-layout-row[2]/slot[1]/force-record-layout-item[1]/div[1]/div[1]/div[2]/span[1]/slot[1]/slot[1]/lightning-formatted-name[1]"}
RESULT: {"using":"xpath","value":"//flexipage-record-home-with-subheader-template-desktop2/div[1]/div[3]/div[1]/slot[1]/slot[1]/flexipage-component2[1]/slot[1]/flexipage-tabset2[1]/div[1]/lightning-tabset[1]/div[1]/slot[1]/slot[1]/slot[1]/flexipage-tab2[1]/slot[1]/flexipage-component2[1]/slot[1]/records-lwc-detail-panel[1]/records-base-record-form[1]/div[1]/div[1]/div[1]/div[1]/records-record-layout-event-broker[1]/slot[1]/records-lwc-record-layout[1]/forcegenerated-detailpanel_lead___012000000000000aaa___full___view___recordlayout2[1]/force-record-layout-block[1]/slot[1]/force-record-layout-section[1]/div[1]/div[1]/div[1]/slot[1]/force-record-layout-row[2]/slot[1]/force-record-layout-item[1]/div[1]/div[1]/div[2]/span[1]/slot[1]/slot[1]/lightning-formatted-name[1]"}
COMMAND: POST /session/e5bcd5c8302a0dee6abd20de76e1975a/elements - {"using":"xpath","value":"//flexipage-record-home-with-subheader-template-desktop2/div[1]/div[3]/div[1]/slot[1]/slot[1]/flexipage-component2[1]/slot[1]/flexipage-tabset2[1]/div[1]/lightning-tabset[1]/div[1]/slot[1]/slot[1]/slot[1]/flexipage-tab2[1]/slot[1]/flexipage-component2[1]/slot[1]/records-lwc-detail-panel[1]/records-base-record-form[1]/div[1]/div[1]/div[1]/div[1]/records-record-layout-event-broker[1]/slot[1]/records-lwc-record-layout[1]/forcegenerated-detailpanel_lead___012000000000000aaa___full___view___recordlayout2[1]/force-record-layout-block[1]/slot[1]/force-record-layout-section[1]/div[1]/div[1]/div[1]/slot[1]/force-record-layout-row[2]/slot[1]/force-record-layout-item[1]/div[1]/div[1]/div[2]/span[1]/slot[1]/slot[1]/lightning-formatted-name[1]"}
RESULT: {"using":"xpath","value":"//flexipage-record-home-with-subheader-template-desktop2/div[1]/div[3]/div[1]/slot[1]/slot[1]/flexipage-component2[1]/slot[1]/flexipage-tabset2[1]/div[1]/lightning-tabset[1]/div[1]/slot[1]/slot[1]/slot[1]/flexipage-tab2[1]/slot[1]/flexipage-component2[1]/slot[1]/records-lwc-detail-panel[1]/records-base-record-form[1]/div[1]/div[1]/div[1]/div[1]/records-record-layout-event-broker[1]/slot[1]/records-lwc-record-layout[1]/forcegenerated-detailpanel_lead___012000000000000aaa___full___view___recordlayout2[1]/force-record-layout-block[1]/slot[1]/force-record-layout-section[1]/div[1]/div[1]/div[1]/slot[1]/force-record-layout-row[2]/slot[1]/force-record-layout-item[1]/div[1]/div[1]/div[2]/span[1]/slot[1]/slot[1]/lightning-formatted-name[1]"}
COMMAND: POST /session/e5bcd5c8302a0dee6abd20de76e1975a/elements - {"using":"xpath","value":"//flexipage-record-home-with-subheader-template-desktop2/div[1]/div[3]/div[1]/slot[1]/slot[1]/flexipage-component2[1]/slot[1]/flexipage-tabset2[1]/div[1]/lightning-tabset[1]/div[1]/slot[1]/slot[1]/slot[1]/flexipage-tab2[1]/slot[1]/flexipage-component2[1]/slot[1]/records-lwc-detail-panel[1]/records-base-record-form[1]/div[1]/div[1]/div[1]/div[1]/records-record-layout-event-broker[1]/slot[1]/records-lwc-record-layout[1]/forcegenerated-detailpanel_lead___012000000000000aaa___full___view___recordlayout2[1]/force-record-layout-block[1]/slot[1]/force-record-layout-section[1]/div[1]/div[1]/div[1]/slot[1]/force-record-layout-row[2]/slot[1]/force-record-layout-item[1]/div[1]/div[1]/div[2]/span[1]/slot[1]/slot[1]/lightning-formatted-name[1]"}
RESULT: {"using":"xpath","value":"//flexipage-record-home-with-subheader-template-desktop2/div[1]/div[3]/div[1]/slot[1]/slot[1]/flexipage-component2[1]/slot[1]/flexipage-tabset2[1]/div[1]/lightning-tabset[1]/div[1]/slot[1]/slot[1]/slot[1]/flexipage-tab2[1]/slot[1]/flexipage-component2[1]/slot[1]/records-lwc-detail-panel[1]/records-base-record-form[1]/div[1]/div[1]/div[1]/div[1]/records-record-layout-event-broker[1]/slot[1]/records-lwc-record-layout[1]/forcegenerated-detailpanel_lead___012000000000000aaa___full___view___recordlayout2[1]/force-record-layout-block[1]/slot[1]/force-record-layout-section[1]/div[1]/div[1]/div[1]/slot[1]/force-record-layout-row[2]/slot[1]/force-record-layout-item[1]/div[1]/div[1]/div[2]/span[1]/slot[1]/slot[1]/lightning-formatted-name[1]"}
COMMAND: POST /session/e5bcd5c8302a0dee6abd20de76e1975a/elements - {"using":"xpath","value":"//flexipage-record-home-with-subheader-template-desktop2/div[1]/div[3]/div[1]/slot[1]/slot[1]/flexipage-component2[1]/slot[1]/flexipage-tabset2[1]/div[1]/lightning-tabset[1]/div[1]/slot[1]/slot[1]/slot[1]/flexipage-tab2[1]/slot[1]/flexipage-component2[1]/slot[1]/records-lwc-detail-panel[1]/records-base-record-form[1]/div[1]/div[1]/div[1]/div[1]/records-record-layout-event-broker[1]/slot[1]/records-lwc-record-layout[1]/forcegenerated-detailpanel_lead___012000000000000aaa___full___view___recordlayout2[1]/force-record-layout-block[1]/slot[1]/force-record-layout-section[1]/div[1]/div[1]/div[1]/slot[1]/force-record-layout-row[2]/slot[1]/force-record-layout-item[1]/div[1]/div[1]/div[2]/span[1]/slot[1]/slot[1]/lightning-formatted-name[1]"}
RESULT: {"using":"xpath","value":"//flexipage-record-home-with-subheader-template-desktop2/div[1]/div[3]/div[1]/slot[1]/slot[1]/flexipage-component2[1]/slot[1]/flexipage-tabset2[1]/div[1]/lightning-tabset[1]/div[1]/slot[1]/slot[1]/slot[1]/flexipage-tab2[1]/slot[1]/flexipage-component2[1]/slot[1]/records-lwc-detail-panel[1]/records-base-record-form[1]/div[1]/div[1]/div[1]/div[1]/records-record-layout-event-broker[1]/slot[1]/records-lwc-record-layout[1]/forcegenerated-detailpanel_lead___012000000000000aaa___full___view___recordlayout2[1]/force-record-layout-block[1]/slot[1]/force-record-layout-section[1]/div[1]/div[1]/div[1]/slot[1]/force-record-layout-row[2]/slot[1]/force-record-layout-item[1]/div[1]/div[1]/div[2]/span[1]/slot[1]/slot[1]/lightning-formatted-name[1]"}
COMMAND: POST /session/e5bcd5c8302a0dee6abd20de76e1975a/elements - {"using":"xpath","value":"//flexipage-record-home-with-subheader-template-desktop2/div[1]/div[3]/div[1]/slot[1]/slot[1]/flexipage-component2[1]/slot[1]/flexipage-tabset2[1]/div[1]/lightning-tabset[1]/div[1]/slot[1]/slot[1]/slot[1]/flexipage-tab2[1]/slot[1]/flexipage-component2[1]/slot[1]/records-lwc-detail-panel[1]/records-base-record-form[1]/div[1]/div[1]/div[1]/div[1]/records-record-layout-event-broker[1]/slot[1]/records-lwc-record-layout[1]/forcegenerated-detailpanel_lead___012000000000000aaa___full___view___recordlayout2[1]/force-record-layout-block[1]/slot[1]/force-record-layout-section[1]/div[1]/div[1]/div[1]/slot[1]/force-record-layout-row[2]/slot[1]/force-record-layout-item[1]/div[1]/div[1]/div[2]/span[1]/slot[1]/slot[1]/lightning-formatted-name[1]"}
RESULT: {"using":"xpath","value":"//flexipage-record-home-with-subheader-template-desktop2/div[1]/div[3]/div[1]/slot[1]/slot[1]/flexipage-component2[1]/slot[1]/flexipage-tabset2[1]/div[1]/lightning-tabset[1]/div[1]/slot[1]/slot[1]/slot[1]/flexipage-tab2[1]/slot[1]/flexipage-component2[1]/slot[1]/records-lwc-detail-panel[1]/records-base-record-form[1]/div[1]/div[1]/div[1]/div[1]/records-record-layout-event-broker[1]/slot[1]/records-lwc-record-layout[1]/forcegenerated-detailpanel_lead___012000000000000aaa___full___view___recordlayout2[1]/force-record-layout-block[1]/slot[1]/force-record-layout-section[1]/div[1]/div[1]/div[1]/slot[1]/force-record-layout-row[2]/slot[1]/force-record-layout-item[1]/div[1]/div[1]/div[2]/span[1]/slot[1]/slot[1]/lightning-formatted-name[1]"}
COMMAND: POST /session/e5bcd5c8302a0dee6abd20de76e1975a/elements - {"using":"xpath","value":"//flexipage-record-home-with-subheader-template-desktop2/div[1]/div[3]/div[1]/slot[1]/slot[1]/flexipage-component2[1]/slot[1]/flexipage-tabset2[1]/div[1]/lightning-tabset[1]/div[1]/slot[1]/slot[1]/slot[1]/flexipage-tab2[1]/slot[1]/flexipage-component2[1]/slot[1]/records-lwc-detail-panel[1]/records-base-record-form[1]/div[1]/div[1]/div[1]/div[1]/records-record-layout-event-broker[1]/slot[1]/records-lwc-record-layout[1]/forcegenerated-detailpanel_lead___012000000000000aaa___full___view___recordlayout2[1]/force-record-layout-block[1]/slot[1]/force-record-layout-section[1]/div[1]/div[1]/div[1]/slot[1]/force-record-layout-row[2]/slot[1]/force-record-layout-item[1]/div[1]/div[1]/div[2]/span[1]/slot[1]/slot[1]/lightning-formatted-name[1]"}
RESULT: {"using":"xpath","value":"//flexipage-record-home-with-subheader-template-desktop2/div[1]/div[3]/div[1]/slot[1]/slot[1]/flexipage-component2[1]/slot[1]/flexipage-tabset2[1]/div[1]/lightning-tabset[1]/div[1]/slot[1]/slot[1]/slot[1]/flexipage-tab2[1]/slot[1]/flexipage-component2[1]/slot[1]/records-lwc-detail-panel[1]/records-base-record-form[1]/div[1]/div[1]/div[1]/div[1]/records-record-layout-event-broker[1]/slot[1]/records-lwc-record-layout[1]/forcegenerated-detailpanel_lead___012000000000000aaa___full___view___recordlayout2[1]/force-record-layout-block[1]/slot[1]/force-record-layout-section[1]/div[1]/div[1]/div[1]/slot[1]/force-record-layout-row[2]/slot[1]/force-record-layout-item[1]/div[1]/div[1]/div[2]/span[1]/slot[1]/slot[1]/lightning-formatted-name[1]"}
COMMAND: POST /session/e5bcd5c8302a0dee6abd20de76e1975a/elements - {"using":"xpath","value":"//flexipage-record-home-with-subheader-template-desktop2/div[1]/div[3]/div[1]/slot[1]/slot[1]/flexipage-component2[1]/slot[1]/flexipage-tabset2[1]/div[1]/lightning-tabset[1]/div[1]/slot[1]/slot[1]/slot[1]/flexipage-tab2[1]/slot[1]/flexipage-component2[1]/slot[1]/records-lwc-detail-panel[1]/records-base-record-form[1]/div[1]/div[1]/div[1]/div[1]/records-record-layout-event-broker[1]/slot[1]/records-lwc-record-layout[1]/forcegenerated-detailpanel_lead___012000000000000aaa___full___view___recordlayout2[1]/force-record-layout-block[1]/slot[1]/force-record-layout-section[1]/div[1]/div[1]/div[1]/slot[1]/force-record-layout-row[2]/slot[1]/force-record-layout-item[1]/div[1]/div[1]/div[2]/span[1]/slot[1]/slot[1]/lightning-formatted-name[1]"}
RESULT: {"using":"xpath","value":"//flexipage-record-home-with-subheader-template-desktop2/div[1]/div[3]/div[1]/slot[1]/slot[1]/flexipage-component2[1]/slot[1]/flexipage-tabset2[1]/div[1]/lightning-tabset[1]/div[1]/slot[1]/slot[1]/slot[1]/flexipage-tab2[1]/slot[1]/flexipage-component2[1]/slot[1]/records-lwc-detail-panel[1]/records-base-record-form[1]/div[1]/div[1]/div[1]/div[1]/records-record-layout-event-broker[1]/slot[1]/records-lwc-record-layout[1]/forcegenerated-detailpanel_lead___012000000000000aaa___full___view___recordlayout2[1]/force-record-layout-block[1]/slot[1]/force-record-layout-section[1]/div[1]/div[1]/div[1]/slot[1]/force-record-layout-row[2]/slot[1]/force-record-layout-item[1]/div[1]/div[1]/div[2]/span[1]/slot[1]/slot[1]/lightning-formatted-name[1]"}
COMMAND: POST /session/e5bcd5c8302a0dee6abd20de76e1975a/elements - {"using":"xpath","value":"//flexipage-record-home-with-subheader-template-desktop2/div[1]/div[3]/div[1]/slot[1]/slot[1]/flexipage-component2[1]/slot[1]/flexipage-tabset2[1]/div[1]/lightning-tabset[1]/div[1]/slot[1]/slot[1]/slot[1]/flexipage-tab2[1]/slot[1]/flexipage-component2[1]/slot[1]/records-lwc-detail-panel[1]/records-base-record-form[1]/div[1]/div[1]/div[1]/div[1]/records-record-layout-event-broker[1]/slot[1]/records-lwc-record-layout[1]/forcegenerated-detailpanel_lead___012000000000000aaa___full___view___recordlayout2[1]/force-record-layout-block[1]/slot[1]/force-record-layout-section[1]/div[1]/div[1]/div[1]/slot[1]/force-record-layout-row[2]/slot[1]/force-record-layout-item[1]/div[1]/div[1]/div[2]/span[1]/slot[1]/slot[1]/lightning-formatted-name[1]"}
RESULT: {"using":"xpath","value":"//flexipage-record-home-with-subheader-template-desktop2/div[1]/div[3]/div[1]/slot[1]/slot[1]/flexipage-component2[1]/slot[1]/flexipage-tabset2[1]/div[1]/lightning-tabset[1]/div[1]/slot[1]/slot[1]/slot[1]/flexipage-tab2[1]/slot[1]/flexipage-component2[1]/slot[1]/records-lwc-detail-panel[1]/records-base-record-form[1]/div[1]/div[1]/div[1]/div[1]/records-record-layout-event-broker[1]/slot[1]/records-lwc-record-layout[1]/forcegenerated-detailpanel_lead___012000000000000aaa___full___view___recordlayout2[1]/force-record-layout-block[1]/slot[1]/force-record-layout-section[1]/div[1]/div[1]/div[1]/slot[1]/force-record-layout-row[2]/slot[1]/force-record-layout-item[1]/div[1]/div[1]/div[2]/span[1]/slot[1]/slot[1]/lightning-formatted-name[1]"}
COMMAND: POST /session/e5bcd5c8302a0dee6abd20de76e1975a/elements - {"using":"xpath","value":"//flexipage-record-home-with-subheader-template-desktop2/div[1]/div[3]/div[1]/slot[1]/slot[1]/flexipage-component2[1]/slot[1]/flexipage-tabset2[1]/div[1]/lightning-tabset[1]/div[1]/slot[1]/slot[1]/slot[1]/flexipage-tab2[1]/slot[1]/flexipage-component2[1]/slot[1]/records-lwc-detail-panel[1]/records-base-record-form[1]/div[1]/div[1]/div[1]/div[1]/records-record-layout-event-broker[1]/slot[1]/records-lwc-record-layout[1]/forcegenerated-detailpanel_lead___012000000000000aaa___full___view___recordlayout2[1]/force-record-layout-block[1]/slot[1]/force-record-layout-section[1]/div[1]/div[1]/div[1]/slot[1]/force-record-layout-row[2]/slot[1]/force-record-layout-item[1]/div[1]/div[1]/div[2]/span[1]/slot[1]/slot[1]/lightning-formatted-name[1]"}
RESULT: {"using":"xpath","value":"//flexipage-record-home-with-subheader-template-desktop2/div[1]/div[3]/div[1]/slot[1]/slot[1]/flexipage-component2[1]/slot[1]/flexipage-tabset2[1]/div[1]/lightning-tabset[1]/div[1]/slot[1]/slot[1]/slot[1]/flexipage-tab2[1]/slot[1]/flexipage-component2[1]/slot[1]/records-lwc-detail-panel[1]/records-base-record-form[1]/div[1]/div[1]/div[1]/div[1]/records-record-layout-event-broker[1]/slot[1]/records-lwc-record-layout[1]/forcegenerated-detailpanel_lead___012000000000000aaa___full___view___recordlayout2[1]/force-record-layout-block[1]/slot[1]/force-record-layout-section[1]/div[1]/div[1]/div[1]/slot[1]/force-record-layout-row[2]/slot[1]/force-record-layout-item[1]/div[1]/div[1]/div[2]/span[1]/slot[1]/slot[1]/lightning-formatted-name[1]"}
COMMAND: POST /session/e5bcd5c8302a0dee6abd20de76e1975a/elements - {"using":"xpath","value":"//flexipage-record-home-with-subheader-template-desktop2/div[1]/div[3]/div[1]/slot[1]/slot[1]/flexipage-component2[1]/slot[1]/flexipage-tabset2[1]/div[1]/lightning-tabset[1]/div[1]/slot[1]/slot[1]/slot[1]/flexipage-tab2[1]/slot[1]/flexipage-component2[1]/slot[1]/records-lwc-detail-panel[1]/records-base-record-form[1]/div[1]/div[1]/div[1]/div[1]/records-record-layout-event-broker[1]/slot[1]/records-lwc-record-layout[1]/forcegenerated-detailpanel_lead___012000000000000aaa___full___view___recordlayout2[1]/force-record-layout-block[1]/slot[1]/force-record-layout-section[1]/div[1]/div[1]/div[1]/slot[1]/force-record-layout-row[2]/slot[1]/force-record-layout-item[1]/div[1]/div[1]/div[2]/span[1]/slot[1]/slot[1]/lightning-formatted-name[1]"}
RESULT: {"using":"xpath","value":"//flexipage-record-home-with-subheader-template-desktop2/div[1]/div[3]/div[1]/slot[1]/slot[1]/flexipage-component2[1]/slot[1]/flexipage-tabset2[1]/div[1]/lightning-tabset[1]/div[1]/slot[1]/slot[1]/slot[1]/flexipage-tab2[1]/slot[1]/flexipage-component2[1]/slot[1]/records-lwc-detail-panel[1]/records-base-record-form[1]/div[1]/div[1]/div[1]/div[1]/records-record-layout-event-broker[1]/slot[1]/records-lwc-record-layout[1]/forcegenerated-detailpanel_lead___012000000000000aaa___full___view___recordlayout2[1]/force-record-layout-block[1]/slot[1]/force-record-layout-section[1]/div[1]/div[1]/div[1]/slot[1]/force-record-layout-row[2]/slot[1]/force-record-layout-item[1]/div[1]/div[1]/div[2]/span[1]/slot[1]/slot[1]/lightning-formatted-name[1]"}
COMMAND: POST /session/e5bcd5c8302a0dee6abd20de76e1975a/elements - {"using":"xpath","value":"//flexipage-record-home-with-subheader-template-desktop2/div[1]/div[3]/div[1]/slot[1]/slot[1]/flexipage-component2[1]/slot[1]/flexipage-tabset2[1]/div[1]/lightning-tabset[1]/div[1]/slot[1]/slot[1]/slot[1]/flexipage-tab2[1]/slot[1]/flexipage-component2[1]/slot[1]/records-lwc-detail-panel[1]/records-base-record-form[1]/div[1]/div[1]/div[1]/div[1]/records-record-layout-event-broker[1]/slot[1]/records-lwc-record-layout[1]/forcegenerated-detailpanel_lead___012000000000000aaa___full___view___recordlayout2[1]/force-record-layout-block[1]/slot[1]/force-record-layout-section[1]/div[1]/div[1]/div[1]/slot[1]/force-record-layout-row[2]/slot[1]/force-record-layout-item[1]/div[1]/div[1]/div[2]/span[1]/slot[1]/slot[1]/lightning-formatted-name[1]"}
RESULT: {"using":"xpath","value":"//flexipage-record-home-with-subheader-template-desktop2/div[1]/div[3]/div[1]/slot[1]/slot[1]/flexipage-component2[1]/slot[1]/flexipage-tabset2[1]/div[1]/lightning-tabset[1]/div[1]/slot[1]/slot[1]/slot[1]/flexipage-tab2[1]/slot[1]/flexipage-component2[1]/slot[1]/records-lwc-detail-panel[1]/records-base-record-form[1]/div[1]/div[1]/div[1]/div[1]/records-record-layout-event-broker[1]/slot[1]/records-lwc-record-layout[1]/forcegenerated-detailpanel_lead___012000000000000aaa___full___view___recordlayout2[1]/force-record-layout-block[1]/slot[1]/force-record-layout-section[1]/div[1]/div[1]/div[1]/slot[1]/force-record-layout-row[2]/slot[1]/force-record-layout-item[1]/div[1]/div[1]/div[2]/span[1]/slot[1]/slot[1]/lightning-formatted-name[1]"}
COMMAND: POST /session/e5bcd5c8302a0dee6abd20de76e1975a/elements - {"using":"xpath","value":"//flexipage-record-home-with-subheader-template-desktop2/div[1]/div[3]/div[1]/slot[1]/slot[1]/flexipage-component2[1]/slot[1]/flexipage-tabset2[1]/div[1]/lightning-tabset[1]/div[1]/slot[1]/slot[1]/slot[1]/flexipage-tab2[1]/slot[1]/flexipage-component2[1]/slot[1]/records-lwc-detail-panel[1]/records-base-record-form[1]/div[1]/div[1]/div[1]/div[1]/records-record-layout-event-broker[1]/slot[1]/records-lwc-record-layout[1]/forcegenerated-detailpanel_lead___012000000000000aaa___full___view___recordlayout2[1]/force-record-layout-block[1]/slot[1]/force-record-layout-section[1]/div[1]/div[1]/div[1]/slot[1]/force-record-layout-row[2]/slot[1]/force-record-layout-item[1]/div[1]/div[1]/div[2]/span[1]/slot[1]/slot[1]/lightning-formatted-name[1]"}
RESULT: {"using":"xpath","value":"//flexipage-record-home-with-subheader-template-desktop2/div[1]/div[3]/div[1]/slot[1]/slot[1]/flexipage-component2[1]/slot[1]/flexipage-tabset2[1]/div[1]/lightning-tabset[1]/div[1]/slot[1]/slot[1]/slot[1]/flexipage-tab2[1]/slot[1]/flexipage-component2[1]/slot[1]/records-lwc-detail-panel[1]/records-base-record-form[1]/div[1]/div[1]/div[1]/div[1]/records-record-layout-event-broker[1]/slot[1]/records-lwc-record-layout[1]/forcegenerated-detailpanel_lead___012000000000000aaa___full___view___recordlayout2[1]/force-record-layout-block[1]/slot[1]/force-record-layout-section[1]/div[1]/div[1]/div[1]/slot[1]/force-record-layout-row[2]/slot[1]/force-record-layout-item[1]/div[1]/div[1]/div[2]/span[1]/slot[1]/slot[1]/lightning-formatted-name[1]"}
COMMAND: POST /session/e5bcd5c8302a0dee6abd20de76e1975a/elements - {"using":"xpath","value":"//flexipage-record-home-with-subheader-template-desktop2/div[1]/div[3]/div[1]/slot[1]/slot[1]/flexipage-component2[1]/slot[1]/flexipage-tabset2[1]/div[1]/lightning-tabset[1]/div[1]/slot[1]/slot[1]/slot[1]/flexipage-tab2[1]/slot[1]/flexipage-component2[1]/slot[1]/records-lwc-detail-panel[1]/records-base-record-form[1]/div[1]/div[1]/div[1]/div[1]/records-record-layout-event-broker[1]/slot[1]/records-lwc-record-layout[1]/forcegenerated-detailpanel_lead___012000000000000aaa___full___view___recordlayout2[1]/force-record-layout-block[1]/slot[1]/force-record-layout-section[1]/div[1]/div[1]/div[1]/slot[1]/force-record-layout-row[2]/slot[1]/force-record-layout-item[1]/div[1]/div[1]/div[2]/span[1]/slot[1]/slot[1]/lightning-formatted-name[1]"}
RESULT: {"using":"xpath","value":"//flexipage-record-home-with-subheader-template-desktop2/div[1]/div[3]/div[1]/slot[1]/slot[1]/flexipage-component2[1]/slot[1]/flexipage-tabset2[1]/div[1]/lightning-tabset[1]/div[1]/slot[1]/slot[1]/slot[1]/flexipage-tab2[1]/slot[1]/flexipage-component2[1]/slot[1]/records-lwc-detail-panel[1]/records-base-record-form[1]/div[1]/div[1]/div[1]/div[1]/records-record-layout-event-broker[1]/slot[1]/records-lwc-record-layout[1]/forcegenerated-detailpanel_lead___012000000000000aaa___full___view___recordlayout2[1]/force-record-layout-block[1]/slot[1]/force-record-layout-section[1]/div[1]/div[1]/div[1]/slot[1]/force-record-layout-row[2]/slot[1]/force-record-layout-item[1]/div[1]/div[1]/div[2]/span[1]/slot[1]/slot[1]/lightning-formatted-name[1]"}
COMMAND: POST /session/e5bcd5c8302a0dee6abd20de76e1975a/element - {"using":"xpath","value":"//flexipage-record-home-with-subheader-template-desktop2/div[1]/div[3]/div[1]/slot[1]/slot[1]/flexipage-component2[1]/slot[1]/flexipage-tabset2[1]/div[1]/lightning-tabset[1]/div[1]/slot[1]/slot[1]/slot[1]/flexipage-tab2[1]/slot[1]/flexipage-component2[1]/slot[1]/records-lwc-detail-panel[1]/records-base-record-form[1]/div[1]/div[1]/div[1]/div[1]/records-record-layout-event-broker[1]/slot[1]/records-lwc-record-layout[1]/forcegenerated-detailpanel_lead___012000000000000aaa___full___view___recordlayout2[1]/force-record-layout-block[1]/slot[1]/force-record-layout-section[1]/div[1]/div[1]/div[1]/slot[1]/force-record-layout-row[2]/slot[1]/force-record-layout-item[1]/div[1]/div[1]/div[2]/span[1]/slot[1]/slot[1]/lightning-formatted-name[1]"}
RESULT: {"using":"xpath","value":"//flexipage-record-home-with-subheader-template-desktop2/div[1]/div[3]/div[1]/slot[1]/slot[1]/flexipage-component2[1]/slot[1]/flexipage-tabset2[1]/div[1]/lightning-tabset[1]/div[1]/slot[1]/slot[1]/slot[1]/flexipage-tab2[1]/slot[1]/flexipage-component2[1]/slot[1]/records-lwc-detail-panel[1]/records-base-record-form[1]/div[1]/div[1]/div[1]/div[1]/records-record-layout-event-broker[1]/slot[1]/records-lwc-record-layout[1]/forcegenerated-detailpanel_lead___012000000000000aaa___full___view___recordlayout2[1]/force-record-layout-block[1]/slot[1]/force-record-layout-section[1]/div[1]/div[1]/div[1]/slot[1]/force-record-layout-row[2]/slot[1]/force-record-layout-item[1]/div[1]/div[1]/div[2]/span[1]/slot[1]/slot[1]/lightning-formatted-name[1]"}
COMMAND: GET /session/e5bcd5c8302a0dee6abd20de76e1975a/element/3497b22f-d452-4a17-afa7-157b64377cad/text - {}
RESULT: {}
COMMAND: GET /session/e5bcd5c8302a0dee6abd20de76e1975a/element/3497b22f-d452-4a17-afa7-157b64377cad/text - {}
RESULT: {}
]]>
      </system-out>
    </testcase>
    <testcase classname="chrome.88_0_4324_150.windows.Salesforce_E2E" name="should_convert_lead_into_account_contact_and_opportunity" time="14.505">
      <system-out>
        <![CDATA[
COMMAND: POST /session/e5bcd5c8302a0dee6abd20de76e1975a/element - {"using":"xpath","value":"//flexipage-record-home-with-subheader-template-desktop2/div[1]/div[1]/slot[1]/slot[1]/flexipage-component2[1]/slot[1]/records-lwc-highlights-panel[1]/records-lwc-record-layout[1]/forcegenerated-highlightspanel_lead___012000000000000aaa___compact___view___recordlayout2[1]/force-highlights2[1]/div[1]/div[1]/div[3]/div[1]/runtime_platform_actions-actions-ribbon[1]/ul[1]/li[4]/lightning-button-menu[1]"}
RESULT: {"using":"xpath","value":"//flexipage-record-home-with-subheader-template-desktop2/div[1]/div[1]/slot[1]/slot[1]/flexipage-component2[1]/slot[1]/records-lwc-highlights-panel[1]/records-lwc-record-layout[1]/forcegenerated-highlightspanel_lead___012000000000000aaa___compact___view___recordlayout2[1]/force-highlights2[1]/div[1]/div[1]/div[3]/div[1]/runtime_platform_actions-actions-ribbon[1]/ul[1]/li[4]/lightning-button-menu[1]"}
COMMAND: POST /session/e5bcd5c8302a0dee6abd20de76e1975a/element/068a8952-e899-480c-97b2-9a395bd8c93d/click - {}
RESULT: {}
COMMAND: POST /session/e5bcd5c8302a0dee6abd20de76e1975a/actions - {"actions":[{"type":"key","id":"keyboard","actions":[{"type":"keyDown","value":""},{"type":"keyUp","value":""}]}]}
RESULT: {"actions":[{"type":"key","id":"keyboard","actions":[{"type":"keyDown","value":""},{"type":"keyUp","value":""}]}]}
COMMAND: DELETE /session/e5bcd5c8302a0dee6abd20de76e1975a/actions - {}
RESULT: {}
COMMAND: POST /session/e5bcd5c8302a0dee6abd20de76e1975a/actions - {"actions":[{"type":"key","id":"keyboard","actions":[{"type":"keyDown","value":""},{"type":"keyUp","value":""}]}]}
RESULT: {"actions":[{"type":"key","id":"keyboard","actions":[{"type":"keyDown","value":""},{"type":"keyUp","value":""}]}]}
COMMAND: DELETE /session/e5bcd5c8302a0dee6abd20de76e1975a/actions - {}
RESULT: {}
COMMAND: POST /session/e5bcd5c8302a0dee6abd20de76e1975a/actions - {"actions":[{"type":"key","id":"keyboard","actions":[{"type":"keyDown","value":""},{"type":"keyUp","value":""}]}]}
RESULT: {"actions":[{"type":"key","id":"keyboard","actions":[{"type":"keyDown","value":""},{"type":"keyUp","value":""}]}]}
COMMAND: DELETE /session/e5bcd5c8302a0dee6abd20de76e1975a/actions - {}
RESULT: {}
COMMAND: POST /session/e5bcd5c8302a0dee6abd20de76e1975a/actions - {"actions":[{"type":"key","id":"keyboard","actions":[{"type":"keyDown","value":""},{"type":"keyUp","value":""}]}]}
RESULT: {"actions":[{"type":"key","id":"keyboard","actions":[{"type":"keyDown","value":""},{"type":"keyUp","value":""}]}]}
COMMAND: DELETE /session/e5bcd5c8302a0dee6abd20de76e1975a/actions - {}
RESULT: {}
COMMAND: POST /session/e5bcd5c8302a0dee6abd20de76e1975a/actions - {"actions":[{"type":"key","id":"keyboard","actions":[{"type":"keyDown","value":""},{"type":"keyUp","value":""}]}]}
RESULT: {"actions":[{"type":"key","id":"keyboard","actions":[{"type":"keyDown","value":""},{"type":"keyUp","value":""}]}]}
COMMAND: DELETE /session/e5bcd5c8302a0dee6abd20de76e1975a/actions - {}
RESULT: {}
COMMAND: POST /session/e5bcd5c8302a0dee6abd20de76e1975a/actions - {"actions":[{"type":"key","id":"keyboard","actions":[{"type":"keyDown","value":""},{"type":"keyUp","value":""}]}]}
RESULT: {"actions":[{"type":"key","id":"keyboard","actions":[{"type":"keyDown","value":""},{"type":"keyUp","value":""}]}]}
COMMAND: DELETE /session/e5bcd5c8302a0dee6abd20de76e1975a/actions - {}
RESULT: {}
COMMAND: POST /session/e5bcd5c8302a0dee6abd20de76e1975a/element - {"using":"xpath","value":"/html[1]/body[1]/div[4]/div[2]/div[1]/div[2]/div[1]/div[3]/button[2]"}
RESULT: {"using":"xpath","value":"/html[1]/body[1]/div[4]/div[2]/div[1]/div[2]/div[1]/div[3]/button[2]"}
COMMAND: POST /session/e5bcd5c8302a0dee6abd20de76e1975a/element/64b5f652-ae83-45a6-83ad-fd2475b1ccb6/click - {}
RESULT: {}
COMMAND: POST /session/e5bcd5c8302a0dee6abd20de76e1975a/element - {"using":"xpath","value":"//span[contains(text(),'Your lead has been converted')]"}
RESULT: {"using":"xpath","value":"//span[contains(text(),'Your lead has been converted')]"}
COMMAND: POST /session/e5bcd5c8302a0dee6abd20de76e1975a/elements - {"using":"xpath","value":"//span[contains(text(),'Your lead has been converted')]"}
RESULT: {"using":"xpath","value":"//span[contains(text(),'Your lead has been converted')]"}
COMMAND: POST /session/e5bcd5c8302a0dee6abd20de76e1975a/element - {"using":"xpath","value":"//span[contains(text(),'Your lead has been converted')]"}
RESULT: {"using":"xpath","value":"//span[contains(text(),'Your lead has been converted')]"}
COMMAND: POST /session/e5bcd5c8302a0dee6abd20de76e1975a/elements - {"using":"xpath","value":"//span[contains(text(),'Your lead has been converted')]"}
RESULT: {"using":"xpath","value":"//span[contains(text(),'Your lead has been converted')]"}
COMMAND: POST /session/e5bcd5c8302a0dee6abd20de76e1975a/element - {"using":"xpath","value":"//span[contains(text(),'Your lead has been converted')]"}
RESULT: {"using":"xpath","value":"//span[contains(text(),'Your lead has been converted')]"}
COMMAND: POST /session/e5bcd5c8302a0dee6abd20de76e1975a/elements - {"using":"xpath","value":"//span[contains(text(),'Your lead has been converted')]"}
RESULT: {"using":"xpath","value":"//span[contains(text(),'Your lead has been converted')]"}
COMMAND: POST /session/e5bcd5c8302a0dee6abd20de76e1975a/element - {"using":"xpath","value":"//span[contains(text(),'Your lead has been converted')]"}
RESULT: {"using":"xpath","value":"//span[contains(text(),'Your lead has been converted')]"}
COMMAND: POST /session/e5bcd5c8302a0dee6abd20de76e1975a/elements - {"using":"xpath","value":"//span[contains(text(),'Your lead has been converted')]"}
RESULT: {"using":"xpath","value":"//span[contains(text(),'Your lead has been converted')]"}
COMMAND: POST /session/e5bcd5c8302a0dee6abd20de76e1975a/element - {"using":"xpath","value":"//span[contains(text(),'Your lead has been converted')]"}
RESULT: {"using":"xpath","value":"//span[contains(text(),'Your lead has been converted')]"}
COMMAND: POST /session/e5bcd5c8302a0dee6abd20de76e1975a/elements - {"using":"xpath","value":"//span[contains(text(),'Your lead has been converted')]"}
RESULT: {"using":"xpath","value":"//span[contains(text(),'Your lead has been converted')]"}
]]>
      </system-out>
    </testcase>
    <testcase classname="chrome.88_0_4324_150.windows.Salesforce_E2E" name="should_return_created_account_contact_and_opportunity" time="3.005">
      <system-out>
        <![CDATA[
COMMAND: POST /session/e5bcd5c8302a0dee6abd20de76e1975a/url - {"url":"https://lisboa2-dev-ed.my.salesforce.com/lightning/r/Opportunity/00609000003QBcRAAW/view"}
COMMAND: POST /session/e5bcd5c8302a0dee6abd20de76e1975a/url - {"url":"https://lisboa2-dev-ed.my.salesforce.com/lightning/r/Contact/00309000006RiSFAA0/view"}
COMMAND: POST /session/e5bcd5c8302a0dee6abd20de76e1975a/url - {"url":"https://lisboa2-dev-ed.my.salesforce.com/lightning/r/Account/00109000009OsGFAA0/view"}
RESULT: {"url":"https://lisboa2-dev-ed.my.salesforce.com/lightning/r/Opportunity/00609000003QBcRAAW/view"}
RESULT: {"url":"https://lisboa2-dev-ed.my.salesforce.com/lightning/r/Contact/00309000006RiSFAA0/view"}
COMMAND: DELETE /session/e5bcd5c8302a0dee6abd20de76e1975a - {}
RESULT: {"url":"https://lisboa2-dev-ed.my.salesforce.com/lightning/r/Account/00109000009OsGFAA0/view"}
RESULT: {}
]]>
      </system-out>
    </testcase>
  </testsuite>
</testsuites>